;  LST file generated by mikroListExporter - v.2.0 
; Date/Time: 10/04/2017 09:51:32
;----------------------------------------------

;Address Opcode 	ASM
0x0000	0xF004EF8F  	GOTO        2334
_interrupt:
;calculadoraLCD.c,33 :: 		void interrupt(void){
0x0008	0xF018C000  	MOVFF       R0, 24
0x000C	0xF017C001  	MOVFF       R1, 23
0x0010	0xF016C00C  	MOVFF       R12, 22
0x0014	0xF015C00D  	MOVFF       R13, 21
;calculadoraLCD.c,34 :: 		if(INTCON.RBIF)
0x0018	0xA0F2      	BTFSS       INTCON, 0 
0x001A	0xD0FF      	BRA         L_interrupt0
;calculadoraLCD.c,40 :: 		for(i = 0, xx = 0x0f; (i < 4) && (xx==0x0f); i++)
0x001C	0x6A49      	CLRF        interrupt_i_L1 
0x001E	0x0E0F      	MOVLW       15
0x0020	0x6E47      	MOVWF       _xx 
L_interrupt1:
0x0022	0x0E04      	MOVLW       4
0x0024	0x5C49      	SUBWF       interrupt_i_L1, 0 
0x0026	0xE225      	BC          L_interrupt2
0x0028	0x5047      	MOVF        _xx, 0 
0x002A	0x0A0F      	XORLW       15
0x002C	0xE122      	BNZ         L_interrupt2
L__interrupt48:
;calculadoraLCD.c,42 :: 		PORTB.RB0 = 1; // digital output
0x002E	0x8081      	BSF         PORTB, 0 
;calculadoraLCD.c,43 :: 		PORTB.RB1 = 1;
0x0030	0x8281      	BSF         PORTB, 1 
;calculadoraLCD.c,44 :: 		PORTB.RB2 = 1;
0x0032	0x8481      	BSF         PORTB, 2 
;calculadoraLCD.c,45 :: 		PORTB.RB3 = 1;
0x0034	0x8681      	BSF         PORTB, 3 
;calculadoraLCD.c,46 :: 		if(i==0)PORTB.RB0 = 0; // digital output
0x0036	0x5049      	MOVF        interrupt_i_L1, 0 
0x0038	0x0A00      	XORLW       0
0x003A	0xB4D8      	BTFSC       STATUS, 2 
0x003C	0x9081      	BCF         PORTB, 0 
L_interrupt6:
;calculadoraLCD.c,47 :: 		if(i==1)PORTB.RB1 = 0;
0x003E	0x5049      	MOVF        interrupt_i_L1, 0 
0x0040	0x0A01      	XORLW       1
0x0042	0xB4D8      	BTFSC       STATUS, 2 
0x0044	0x9281      	BCF         PORTB, 1 
L_interrupt7:
;calculadoraLCD.c,48 :: 		if(i==2)PORTB.RB2 = 0;
0x0046	0x5049      	MOVF        interrupt_i_L1, 0 
0x0048	0x0A02      	XORLW       2
0x004A	0xB4D8      	BTFSC       STATUS, 2 
0x004C	0x9481      	BCF         PORTB, 2 
L_interrupt8:
;calculadoraLCD.c,49 :: 		if(i==3)PORTB.RB3 = 0;
0x004E	0x5049      	MOVF        interrupt_i_L1, 0 
0x0050	0x0A03      	XORLW       3
0x0052	0xB4D8      	BTFSC       STATUS, 2 
0x0054	0x9681      	BCF         PORTB, 3 
L_interrupt9:
;calculadoraLCD.c,50 :: 		xx = PORTB >> 4;
0x0056	0xF000CF81  	MOVFF       PORTB, R0
0x005A	0x3200      	RRCF        R0, 1 
0x005C	0x9E00      	BCF         R0, 7 
0x005E	0x3200      	RRCF        R0, 1 
0x0060	0x9E00      	BCF         R0, 7 
0x0062	0x3200      	RRCF        R0, 1 
0x0064	0x9E00      	BCF         R0, 7 
0x0066	0x3200      	RRCF        R0, 1 
0x0068	0x9E00      	BCF         R0, 7 
0x006A	0xF047C000  	MOVFF       R0, _xx
;calculadoraLCD.c,40 :: 		for(i = 0, xx = 0x0f; (i < 4) && (xx==0x0f); i++)
0x006E	0x2A49      	INCF        interrupt_i_L1, 1 
;calculadoraLCD.c,51 :: 		}
0x0070	0xD7D8      	BRA         L_interrupt1
L_interrupt2:
;calculadoraLCD.c,52 :: 		result = convertTecla(PORTB, &type);
0x0072	0xF04DCF81  	MOVFF       PORTB, FARG_convertTecla_tecla
0x0076	0x0E00      	MOVLW       0
0x0078	0x6E4E      	MOVWF       FARG_convertTecla_tecla+1 
0x007A	0x0E4A      	MOVLW       interrupt_type_L1
0x007C	0x6E4F      	MOVWF       FARG_convertTecla_type 
0x007E	0x0E00      	MOVLW       hi_addr(interrupt_type_L1)
0x0080	0x6E50      	MOVWF       FARG_convertTecla_type+1 
0x0082	0xDB41      	RCALL       _convertTecla
0x0084	0xF04BC000  	MOVFF       R0, interrupt_result_L1
0x0088	0xF04CC001  	MOVFF       R1, interrupt_result_L1+1
;calculadoraLCD.c,53 :: 		PORTB.RB0 = 0; // digital output
0x008C	0x9081      	BCF         PORTB, 0 
;calculadoraLCD.c,54 :: 		PORTB.RB1 = 0;
0x008E	0x9281      	BCF         PORTB, 1 
;calculadoraLCD.c,55 :: 		PORTB.RB2 = 0;
0x0090	0x9481      	BCF         PORTB, 2 
;calculadoraLCD.c,56 :: 		PORTB.RB3 = 0;
0x0092	0x9681      	BCF         PORTB, 3 
;calculadoraLCD.c,58 :: 		if(edge == 1)
0x0094	0x501E      	MOVF        _edge, 0 
0x0096	0x0A01      	XORLW       1
0x0098	0xA4D8      	BTFSS       STATUS, 2 
0x009A	0xD0B9      	BRA         L_interrupt10
;calculadoraLCD.c,60 :: 		Lcd_Cmd(_LCD_CLEAR);
0x009C	0x0E01      	MOVLW       1
0x009E	0x6E5E      	MOVWF       FARG_Lcd_Cmd_out_char 
0x00A0	0xD8D8      	RCALL       _Lcd_Cmd
;calculadoraLCD.c,62 :: 		if(type == NUM && operation == EMPTY)
0x00A2	0x504A      	MOVF        interrupt_type_L1, 0 
0x00A4	0x0A06      	XORLW       6
0x00A6	0xE121      	BNZ         L_interrupt13
0x00A8	0x501D      	MOVF        _operation, 0 
0x00AA	0x0A07      	XORLW       7
0x00AC	0xE11E      	BNZ         L_interrupt13
L__interrupt47:
;calculadoraLCD.c,64 :: 		operando1 *= 10;
0x00AE	0xF000C019  	MOVFF       _operando1, R0
0x00B2	0xF001C01A  	MOVFF       _operando1+1, R1
0x00B6	0x0E0A      	MOVLW       10
0x00B8	0x6E04      	MOVWF       R4 
0x00BA	0x0E00      	MOVLW       0
0x00BC	0x6E05      	MOVWF       R5 
0x00BE	0xD9D9      	RCALL       _Mul_16x16_U
0x00C0	0xF019C000  	MOVFF       R0, _operando1
0x00C4	0xF01AC001  	MOVFF       R1, _operando1+1
;calculadoraLCD.c,65 :: 		operando1 += result;
0x00C8	0x504B      	MOVF        interrupt_result_L1, 0 
0x00CA	0x2600      	ADDWF       R0, 1 
0x00CC	0x504C      	MOVF        interrupt_result_L1+1, 0 
0x00CE	0x2201      	ADDWFC      R1, 1 
0x00D0	0xF019C000  	MOVFF       R0, _operando1
0x00D4	0xF01AC001  	MOVFF       R1, _operando1+1
;calculadoraLCD.c,66 :: 		IntToStr(operando1, text);
0x00D8	0xF04DC000  	MOVFF       R0, FARG_IntToStr_input
0x00DC	0xF04EC001  	MOVFF       R1, FARG_IntToStr_input+1
0x00E0	0x0E1F      	MOVLW       _text
0x00E2	0x6E4F      	MOVWF       FARG_IntToStr_output 
0x00E4	0x0E00      	MOVLW       hi_addr(_text)
0x00E6	0x6E50      	MOVWF       FARG_IntToStr_output+1 
0x00E8	0xDAA2      	RCALL       _IntToStr
;calculadoraLCD.c,67 :: 		}
L_interrupt13:
;calculadoraLCD.c,68 :: 		if(type != NUM && type != ON_CLEAR && type != IGUAL)
0x00EA	0x504A      	MOVF        interrupt_type_L1, 0 
0x00EC	0x0A06      	XORLW       6
0x00EE	0xE008      	BZ          L_interrupt16
0x00F0	0x504A      	MOVF        interrupt_type_L1, 0 
0x00F2	0x0A05      	XORLW       5
0x00F4	0xE005      	BZ          L_interrupt16
0x00F6	0x504A      	MOVF        interrupt_type_L1, 0 
0x00F8	0x0A00      	XORLW       0
0x00FA	0xE002      	BZ          L_interrupt16
L__interrupt46:
;calculadoraLCD.c,70 :: 		operation = type;
0x00FC	0xF01DC04A  	MOVFF       interrupt_type_L1, _operation
;calculadoraLCD.c,71 :: 		}
L_interrupt16:
;calculadoraLCD.c,72 :: 		if(type == NUM && operation != EMPTY)
0x0100	0x504A      	MOVF        interrupt_type_L1, 0 
0x0102	0x0A06      	XORLW       6
0x0104	0xE121      	BNZ         L_interrupt19
0x0106	0x501D      	MOVF        _operation, 0 
0x0108	0x0A07      	XORLW       7
0x010A	0xE01E      	BZ          L_interrupt19
L__interrupt45:
;calculadoraLCD.c,74 :: 		operando2 *= 10;
0x010C	0xF000C01B  	MOVFF       _operando2, R0
0x0110	0xF001C01C  	MOVFF       _operando2+1, R1
0x0114	0x0E0A      	MOVLW       10
0x0116	0x6E04      	MOVWF       R4 
0x0118	0x0E00      	MOVLW       0
0x011A	0x6E05      	MOVWF       R5 
0x011C	0xD9AA      	RCALL       _Mul_16x16_U
0x011E	0xF01BC000  	MOVFF       R0, _operando2
0x0122	0xF01CC001  	MOVFF       R1, _operando2+1
;calculadoraLCD.c,75 :: 		operando2 += result;
0x0126	0x504B      	MOVF        interrupt_result_L1, 0 
0x0128	0x2600      	ADDWF       R0, 1 
0x012A	0x504C      	MOVF        interrupt_result_L1+1, 0 
0x012C	0x2201      	ADDWFC      R1, 1 
0x012E	0xF01BC000  	MOVFF       R0, _operando2
0x0132	0xF01CC001  	MOVFF       R1, _operando2+1
;calculadoraLCD.c,76 :: 		IntToStr(operando2, text);
0x0136	0xF04DC000  	MOVFF       R0, FARG_IntToStr_input
0x013A	0xF04EC001  	MOVFF       R1, FARG_IntToStr_input+1
0x013E	0x0E1F      	MOVLW       _text
0x0140	0x6E4F      	MOVWF       FARG_IntToStr_output 
0x0142	0x0E00      	MOVLW       hi_addr(_text)
0x0144	0x6E50      	MOVWF       FARG_IntToStr_output+1 
0x0146	0xDA73      	RCALL       _IntToStr
;calculadoraLCD.c,77 :: 		}
L_interrupt19:
;calculadoraLCD.c,78 :: 		if(type == IGUAL)
0x0148	0x504A      	MOVF        interrupt_type_L1, 0 
0x014A	0x0A00      	XORLW       0
0x014C	0xE146      	BNZ         L_interrupt20
;calculadoraLCD.c,80 :: 		if(operation == SOMA)
0x014E	0x501D      	MOVF        _operation, 0 
0x0150	0x0A01      	XORLW       1
0x0152	0xE10B      	BNZ         L_interrupt21
;calculadoraLCD.c,81 :: 		IntToStr(operando1 + operando2, text);
0x0154	0x501B      	MOVF        _operando2, 0 
0x0156	0x2419      	ADDWF       _operando1, 0 
0x0158	0x6E4D      	MOVWF       FARG_IntToStr_input 
0x015A	0x501C      	MOVF        _operando2+1, 0 
0x015C	0x201A      	ADDWFC      _operando1+1, 0 
0x015E	0x6E4E      	MOVWF       FARG_IntToStr_input+1 
0x0160	0x0E1F      	MOVLW       _text
0x0162	0x6E4F      	MOVWF       FARG_IntToStr_output 
0x0164	0x0E00      	MOVLW       hi_addr(_text)
0x0166	0x6E50      	MOVWF       FARG_IntToStr_output+1 
0x0168	0xDA62      	RCALL       _IntToStr
L_interrupt21:
;calculadoraLCD.c,83 :: 		if(operation == SUB)
0x016A	0x501D      	MOVF        _operation, 0 
0x016C	0x0A02      	XORLW       2
0x016E	0xE10B      	BNZ         L_interrupt22
;calculadoraLCD.c,84 :: 		IntToStr(operando1 - operando2, text);
0x0170	0x501B      	MOVF        _operando2, 0 
0x0172	0x5C19      	SUBWF       _operando1, 0 
0x0174	0x6E4D      	MOVWF       FARG_IntToStr_input 
0x0176	0x501C      	MOVF        _operando2+1, 0 
0x0178	0x581A      	SUBWFB      _operando1+1, 0 
0x017A	0x6E4E      	MOVWF       FARG_IntToStr_input+1 
0x017C	0x0E1F      	MOVLW       _text
0x017E	0x6E4F      	MOVWF       FARG_IntToStr_output 
0x0180	0x0E00      	MOVLW       hi_addr(_text)
0x0182	0x6E50      	MOVWF       FARG_IntToStr_output+1 
0x0184	0xDA54      	RCALL       _IntToStr
L_interrupt22:
;calculadoraLCD.c,86 :: 		if(operation == MULT)
0x0186	0x501D      	MOVF        _operation, 0 
0x0188	0x0A03      	XORLW       3
0x018A	0xE112      	BNZ         L_interrupt23
;calculadoraLCD.c,87 :: 		IntToStr(operando1 * operando2, text);
0x018C	0xF000C019  	MOVFF       _operando1, R0
0x0190	0xF001C01A  	MOVFF       _operando1+1, R1
0x0194	0xF004C01B  	MOVFF       _operando2, R4
0x0198	0xF005C01C  	MOVFF       _operando2+1, R5
0x019C	0xD96A      	RCALL       _Mul_16x16_U
0x019E	0xF04DC000  	MOVFF       R0, FARG_IntToStr_input
0x01A2	0xF04EC001  	MOVFF       R1, FARG_IntToStr_input+1
0x01A6	0x0E1F      	MOVLW       _text
0x01A8	0x6E4F      	MOVWF       FARG_IntToStr_output 
0x01AA	0x0E00      	MOVLW       hi_addr(_text)
0x01AC	0x6E50      	MOVWF       FARG_IntToStr_output+1 
0x01AE	0xDA3F      	RCALL       _IntToStr
L_interrupt23:
;calculadoraLCD.c,89 :: 		if(operation == DIVI)
0x01B0	0x501D      	MOVF        _operation, 0 
0x01B2	0x0A04      	XORLW       4
0x01B4	0xE112      	BNZ         L_interrupt24
;calculadoraLCD.c,90 :: 		IntToStr(operando1 / operando2, text);
0x01B6	0xF004C01B  	MOVFF       _operando2, R4
0x01BA	0xF005C01C  	MOVFF       _operando2+1, R5
0x01BE	0xF000C019  	MOVFF       _operando1, R0
0x01C2	0xF001C01A  	MOVFF       _operando1+1, R1
0x01C6	0xD9D0      	RCALL       _Div_16x16_S
0x01C8	0xF04DC000  	MOVFF       R0, FARG_IntToStr_input
0x01CC	0xF04EC001  	MOVFF       R1, FARG_IntToStr_input+1
0x01D0	0x0E1F      	MOVLW       _text
0x01D2	0x6E4F      	MOVWF       FARG_IntToStr_output 
0x01D4	0x0E00      	MOVLW       hi_addr(_text)
0x01D6	0x6E50      	MOVWF       FARG_IntToStr_output+1 
0x01D8	0xDA2A      	RCALL       _IntToStr
L_interrupt24:
;calculadoraLCD.c,91 :: 		}
L_interrupt20:
;calculadoraLCD.c,92 :: 		if(type == ON_CLEAR)
0x01DA	0x504A      	MOVF        interrupt_type_L1, 0 
0x01DC	0x0A05      	XORLW       5
0x01DE	0xE10D      	BNZ         L_interrupt25
;calculadoraLCD.c,94 :: 		operando1 = 0;
0x01E0	0x6A19      	CLRF        _operando1 
0x01E2	0x6A1A      	CLRF        _operando1+1 
;calculadoraLCD.c,95 :: 		operando2 = 0;
0x01E4	0x6A1B      	CLRF        _operando2 
0x01E6	0x6A1C      	CLRF        _operando2+1 
;calculadoraLCD.c,96 :: 		operation = EMPTY;
0x01E8	0x0E07      	MOVLW       7
0x01EA	0x6E1D      	MOVWF       _operation 
;calculadoraLCD.c,97 :: 		IntToStr(0, text);
0x01EC	0x6A4D      	CLRF        FARG_IntToStr_input 
0x01EE	0x6A4E      	CLRF        FARG_IntToStr_input+1 
0x01F0	0x0E1F      	MOVLW       _text
0x01F2	0x6E4F      	MOVWF       FARG_IntToStr_output 
0x01F4	0x0E00      	MOVLW       hi_addr(_text)
0x01F6	0x6E50      	MOVWF       FARG_IntToStr_output+1 
0x01F8	0xDA1A      	RCALL       _IntToStr
;calculadoraLCD.c,98 :: 		}
L_interrupt25:
;calculadoraLCD.c,101 :: 		Lcd_Out(1,1,text);
0x01FA	0x0E01      	MOVLW       1
0x01FC	0x6E4D      	MOVWF       FARG_Lcd_Out_row 
0x01FE	0x0E01      	MOVLW       1
0x0200	0x6E4E      	MOVWF       FARG_Lcd_Out_column 
0x0202	0x0E1F      	MOVLW       _text
0x0204	0x6E4F      	MOVWF       FARG_Lcd_Out_text 
0x0206	0x0E00      	MOVLW       hi_addr(_text)
0x0208	0x6E50      	MOVWF       FARG_Lcd_Out_text+1 
0x020A	0xD8F6      	RCALL       _Lcd_Out
;calculadoraLCD.c,102 :: 		}
0x020C	0xD000      	BRA         L_interrupt26
L_interrupt10:
;calculadoraLCD.c,106 :: 		}
L_interrupt26:
;calculadoraLCD.c,108 :: 		edge = !edge;
0x020E	0x521E      	MOVF        _edge, 1 
0x0210	0x0E01      	MOVLW       1
0x0212	0xA4D8      	BTFSS       STATUS, 2 
0x0214	0x0E00      	MOVLW       0
0x0216	0x6E1E      	MOVWF       _edge 
;calculadoraLCD.c,109 :: 		INTCON.RBIF = 0;
0x0218	0x90F2      	BCF         INTCON, 0 
;calculadoraLCD.c,110 :: 		}
L_interrupt0:
;calculadoraLCD.c,111 :: 		}
L_end_interrupt:
L__interrupt50:
0x021A	0xF000C018  	MOVFF       24, R0
0x021E	0xF001C017  	MOVFF       23, R1
0x0222	0xF00CC016  	MOVFF       22, R12
0x0226	0xF00DC015  	MOVFF       21, R13
0x022A	0x0011      	RETFIE      1
; end of _interrupt
_Delay_5500us:
;__Lib_Delays.c,31 :: 		void Delay_5500us() {
;__Lib_Delays.c,32 :: 		Delay_us(5500);
0x022C	0x0E0F      	MOVLW       15
0x022E	0x6E0C      	MOVWF       R12, 0
0x0230	0x0E47      	MOVLW       71
0x0232	0x6E0D      	MOVWF       R13, 0
L_Delay_5500us5:
0x0234	0x2E0D      	DECFSZ      R13, 1, 0
0x0236	0xD7FE      	BRA         L_Delay_5500us5
0x0238	0x2E0C      	DECFSZ      R12, 1, 0
0x023A	0xD7FC      	BRA         L_Delay_5500us5
0x023C	0x0000      	NOP
0x023E	0x0000      	NOP
;__Lib_Delays.c,33 :: 		}
L_end_Delay_5500us:
0x0240	0x0012      	RETURN      0
; end of _Delay_5500us
_Delay_1us:
;__Lib_Delays.c,7 :: 		void Delay_1us() {
;__Lib_Delays.c,8 :: 		Delay_us(1);
0x0242	0x0000      	NOP
0x0244	0x0000      	NOP
;__Lib_Delays.c,9 :: 		}
L_end_Delay_1us:
0x0246	0x0012      	RETURN      0
; end of _Delay_1us
_Delay_50us:
;__Lib_Delays.c,19 :: 		void Delay_50us() {
;__Lib_Delays.c,20 :: 		Delay_us(50);
0x0248	0x0E21      	MOVLW       33
0x024A	0x6E0D      	MOVWF       R13, 0
L_Delay_50us2:
0x024C	0x2E0D      	DECFSZ      R13, 1, 0
0x024E	0xD7FE      	BRA         L_Delay_50us2
;__Lib_Delays.c,21 :: 		}
L_end_Delay_50us:
0x0250	0x0012      	RETURN      0
; end of _Delay_50us
_Lcd_Cmd:
;__Lib_Lcd.c,18 :: 		
;__Lib_Lcd.c,20 :: 		
0x0252	0xBE5E      	BTFSC       FARG_Lcd_Cmd_out_char, 7 
0x0254	0xD002      	BRA         L__Lcd_Cmd21
0x0256	0x9E83      	BCF         LCD_D7, BitPos(LCD_D7+0) 
0x0258	0xD001      	BRA         L__Lcd_Cmd22
L__Lcd_Cmd21:
0x025A	0x8E83      	BSF         LCD_D7, BitPos(LCD_D7+0) 
L__Lcd_Cmd22:
;__Lib_Lcd.c,21 :: 		
0x025C	0xBC5E      	BTFSC       FARG_Lcd_Cmd_out_char, 6 
0x025E	0xD002      	BRA         L__Lcd_Cmd23
0x0260	0x9C83      	BCF         LCD_D6, BitPos(LCD_D6+0) 
0x0262	0xD001      	BRA         L__Lcd_Cmd24
L__Lcd_Cmd23:
0x0264	0x8C83      	BSF         LCD_D6, BitPos(LCD_D6+0) 
L__Lcd_Cmd24:
;__Lib_Lcd.c,22 :: 		
0x0266	0xBA5E      	BTFSC       FARG_Lcd_Cmd_out_char, 5 
0x0268	0xD002      	BRA         L__Lcd_Cmd25
0x026A	0x9A83      	BCF         LCD_D5, BitPos(LCD_D5+0) 
0x026C	0xD001      	BRA         L__Lcd_Cmd26
L__Lcd_Cmd25:
0x026E	0x8A83      	BSF         LCD_D5, BitPos(LCD_D5+0) 
L__Lcd_Cmd26:
;__Lib_Lcd.c,23 :: 		
0x0270	0xB85E      	BTFSC       FARG_Lcd_Cmd_out_char, 4 
0x0272	0xD002      	BRA         L__Lcd_Cmd27
0x0274	0x9883      	BCF         LCD_D4, BitPos(LCD_D4+0) 
0x0276	0xD001      	BRA         L__Lcd_Cmd28
L__Lcd_Cmd27:
0x0278	0x8883      	BSF         LCD_D4, BitPos(LCD_D4+0) 
L__Lcd_Cmd28:
;__Lib_Lcd.c,25 :: 		
0x027A	0xB048      	BTFSC       __Lib_Lcd_cmd_status, BitPos(__Lib_Lcd_cmd_status+0) 
0x027C	0xD002      	BRA         L__Lcd_Cmd29
0x027E	0x8484      	BSF         LCD_RS, BitPos(LCD_RS+0) 
0x0280	0xD001      	BRA         L__Lcd_Cmd30
L__Lcd_Cmd29:
0x0282	0x9484      	BCF         LCD_RS, BitPos(LCD_RS+0) 
L__Lcd_Cmd30:
;__Lib_Lcd.c,28 :: 		
0x0284	0x8284      	BSF         LCD_EN, BitPos(LCD_EN+0) 
;__Lib_Lcd.c,29 :: 		
0x0286	0xDFDD      	RCALL       _Delay_1us
;__Lib_Lcd.c,30 :: 		
0x0288	0x9284      	BCF         LCD_EN, BitPos(LCD_EN+0) 
;__Lib_Lcd.c,33 :: 		
0x028A	0xB65E      	BTFSC       FARG_Lcd_Cmd_out_char, 3 
0x028C	0xD002      	BRA         L__Lcd_Cmd31
0x028E	0x9E83      	BCF         LCD_D7, BitPos(LCD_D7+0) 
0x0290	0xD001      	BRA         L__Lcd_Cmd32
L__Lcd_Cmd31:
0x0292	0x8E83      	BSF         LCD_D7, BitPos(LCD_D7+0) 
L__Lcd_Cmd32:
;__Lib_Lcd.c,34 :: 		
0x0294	0xB45E      	BTFSC       FARG_Lcd_Cmd_out_char, 2 
0x0296	0xD002      	BRA         L__Lcd_Cmd33
0x0298	0x9C83      	BCF         LCD_D6, BitPos(LCD_D6+0) 
0x029A	0xD001      	BRA         L__Lcd_Cmd34
L__Lcd_Cmd33:
0x029C	0x8C83      	BSF         LCD_D6, BitPos(LCD_D6+0) 
L__Lcd_Cmd34:
;__Lib_Lcd.c,35 :: 		
0x029E	0xB25E      	BTFSC       FARG_Lcd_Cmd_out_char, 1 
0x02A0	0xD002      	BRA         L__Lcd_Cmd35
0x02A2	0x9A83      	BCF         LCD_D5, BitPos(LCD_D5+0) 
0x02A4	0xD001      	BRA         L__Lcd_Cmd36
L__Lcd_Cmd35:
0x02A6	0x8A83      	BSF         LCD_D5, BitPos(LCD_D5+0) 
L__Lcd_Cmd36:
;__Lib_Lcd.c,36 :: 		
0x02A8	0xB05E      	BTFSC       FARG_Lcd_Cmd_out_char, 0 
0x02AA	0xD002      	BRA         L__Lcd_Cmd37
0x02AC	0x9883      	BCF         LCD_D4, BitPos(LCD_D4+0) 
0x02AE	0xD001      	BRA         L__Lcd_Cmd38
L__Lcd_Cmd37:
0x02B0	0x8883      	BSF         LCD_D4, BitPos(LCD_D4+0) 
L__Lcd_Cmd38:
;__Lib_Lcd.c,38 :: 		
0x02B2	0xB048      	BTFSC       __Lib_Lcd_cmd_status, BitPos(__Lib_Lcd_cmd_status+0) 
0x02B4	0xD002      	BRA         L__Lcd_Cmd39
0x02B6	0x8484      	BSF         LCD_RS, BitPos(LCD_RS+0) 
0x02B8	0xD001      	BRA         L__Lcd_Cmd40
L__Lcd_Cmd39:
0x02BA	0x9484      	BCF         LCD_RS, BitPos(LCD_RS+0) 
L__Lcd_Cmd40:
;__Lib_Lcd.c,40 :: 		
0x02BC	0x8284      	BSF         LCD_EN, BitPos(LCD_EN+0) 
;__Lib_Lcd.c,41 :: 		
0x02BE	0xDFC1      	RCALL       _Delay_1us
;__Lib_Lcd.c,42 :: 		
0x02C0	0x9284      	BCF         LCD_EN, BitPos(LCD_EN+0) 
;__Lib_Lcd.c,44 :: 		
0x02C2	0xA048      	BTFSS       __Lib_Lcd_cmd_status, BitPos(__Lib_Lcd_cmd_status+0) 
0x02C4	0xD002      	BRA         L_Lcd_Cmd0
;__Lib_Lcd.c,45 :: 		
0x02C6	0xDFB2      	RCALL       _Delay_5500us
0x02C8	0xD001      	BRA         L_Lcd_Cmd1
L_Lcd_Cmd0:
;__Lib_Lcd.c,47 :: 		
0x02CA	0xDFBE      	RCALL       _Delay_50us
L_Lcd_Cmd1:
;__Lib_Lcd.c,48 :: 		
L_end_Lcd_Cmd:
0x02CC	0x0012      	RETURN      0
; end of _Lcd_Cmd
_Div_16x16_U:
;__Lib_Math.c,102 :: 		
;__Lib_Math.c,109 :: 		
0x02CE	0x6A08      	CLRF        R8, 0
;__Lib_Math.c,110 :: 		
0x02D0	0x6A09      	CLRF        R9, 0
;__Lib_Math.c,111 :: 		
0x02D2	0x0E10      	MOVLW       16
;__Lib_Math.c,112 :: 		
0x02D4	0x6E0C      	MOVWF       R12, 0
;__Lib_Math.c,113 :: 		
0x02D6	0x3401      	RLCF        R1, 0, 0
;__Lib_Math.c,114 :: 		
0x02D8	0x3608      	RLCF        R8, 1, 0
;__Lib_Math.c,115 :: 		
0x02DA	0x3609      	RLCF        R9, 1, 0
;__Lib_Math.c,116 :: 		
0x02DC	0x5004      	MOVF        R4, 0, 0
;__Lib_Math.c,117 :: 		
0x02DE	0x5E08      	SUBWF       R8, 1, 0
;__Lib_Math.c,118 :: 		
0x02E0	0x5005      	MOVF        R5, 0, 0
;__Lib_Math.c,119 :: 		
0x02E2	0xA0D8      	BTFSS       STATUS, 0, 0
;__Lib_Math.c,120 :: 		
0x02E4	0x3C05      	INCFSZ      R5, 0, 0
;__Lib_Math.c,121 :: 		
0x02E6	0x5E09      	SUBWF       R9, 1, 0
;__Lib_Math.c,122 :: 		
0x02E8	0xB0D8      	BTFSC       STATUS, 0, 0
;__Lib_Math.c,123 :: 		
0x02EA	0xD007      	BRA         $+16
;__Lib_Math.c,124 :: 		
0x02EC	0x5004      	MOVF        R4, 0, 0
;__Lib_Math.c,125 :: 		
0x02EE	0x2608      	ADDWF       R8, 1, 0
;__Lib_Math.c,126 :: 		
0x02F0	0x5005      	MOVF        R5, 0, 0
;__Lib_Math.c,127 :: 		
0x02F2	0xB0D8      	BTFSC       STATUS, 0, 0
;__Lib_Math.c,128 :: 		
0x02F4	0x3C05      	INCFSZ      R5, 0, 0
;__Lib_Math.c,129 :: 		
0x02F6	0x2609      	ADDWF       R9, 1, 0
;__Lib_Math.c,130 :: 		
0x02F8	0x90D8      	BCF         STATUS, 0, 0
;__Lib_Math.c,131 :: 		
0x02FA	0x3600      	RLCF        R0, 1, 0
;__Lib_Math.c,132 :: 		
0x02FC	0x3601      	RLCF        R1, 1, 0
;__Lib_Math.c,133 :: 		
0x02FE	0x2E0C      	DECFSZ      R12, 1, 0
;__Lib_Math.c,134 :: 		
0x0300	0xD7EA      	BRA         $-42
;__Lib_Math.c,136 :: 		
L_end_Div_16x16_U:
0x0302	0x0012      	RETURN      0
; end of _Div_16x16_U
_Div_16x16_S_L:
;__Lib_Math.c,139 :: 		
;__Lib_Math.c,146 :: 		
0x0304	0x3401      	RLCF        R1, 0, 0
;__Lib_Math.c,147 :: 		
0x0306	0x3608      	RLCF        R8, 1, 0
;__Lib_Math.c,148 :: 		
0x0308	0x3609      	RLCF        R9, 1, 0
;__Lib_Math.c,149 :: 		
0x030A	0x5004      	MOVF        R4, 0, 0
;__Lib_Math.c,150 :: 		
0x030C	0x5E08      	SUBWF       R8, 1, 0
;__Lib_Math.c,151 :: 		
0x030E	0x5005      	MOVF        R5, 0, 0
;__Lib_Math.c,152 :: 		
0x0310	0xA0D8      	BTFSS       STATUS, 0, 0
;__Lib_Math.c,153 :: 		
0x0312	0x3C05      	INCFSZ      R5, 0, 0
;__Lib_Math.c,154 :: 		
0x0314	0x5E09      	SUBWF       R9, 1, 0
;__Lib_Math.c,155 :: 		
0x0316	0x3600      	RLCF        R0, 1, 0
;__Lib_Math.c,156 :: 		
0x0318	0x3601      	RLCF        R1, 1, 0
;__Lib_Math.c,158 :: 		
0x031A	0x0E0F      	MOVLW       15
;__Lib_Math.c,159 :: 		
0x031C	0x6E0C      	MOVWF       R12, 0
;__Lib_Math.c,161 :: 		
0x031E	0x3401      	RLCF        R1, 0, 0
;__Lib_Math.c,162 :: 		
0x0320	0x3608      	RLCF        R8, 1, 0
;__Lib_Math.c,163 :: 		
0x0322	0x3609      	RLCF        R9, 1, 0
;__Lib_Math.c,164 :: 		
0x0324	0x5004      	MOVF        R4, 0, 0
;__Lib_Math.c,166 :: 		
0x0326	0xA000      	BTFSS       R0, 0, 0
;__Lib_Math.c,167 :: 		
0x0328	0xD006      	BRA         $+14
;__Lib_Math.c,168 :: 		
0x032A	0x5E08      	SUBWF       R8, 1, 0
;__Lib_Math.c,169 :: 		
0x032C	0x5005      	MOVF        R5, 0, 0
;__Lib_Math.c,170 :: 		
0x032E	0xA0D8      	BTFSS       STATUS, 0, 0
;__Lib_Math.c,171 :: 		
0x0330	0x3C05      	INCFSZ      R5, 0, 0
;__Lib_Math.c,172 :: 		
0x0332	0x5E09      	SUBWF       R9, 1, 0
;__Lib_Math.c,173 :: 		
0x0334	0xD005      	BRA         $+12
;__Lib_Math.c,175 :: 		
0x0336	0x2608      	ADDWF       R8, 1, 0
;__Lib_Math.c,176 :: 		
0x0338	0x5005      	MOVF        R5, 0, 0
;__Lib_Math.c,177 :: 		
0x033A	0xB0D8      	BTFSC       STATUS, 0, 0
;__Lib_Math.c,178 :: 		
0x033C	0x3C05      	INCFSZ      R5, 0, 0
;__Lib_Math.c,179 :: 		
0x033E	0x2609      	ADDWF       R9, 1, 0
;__Lib_Math.c,181 :: 		
0x0340	0x3600      	RLCF        R0, 1, 0
;__Lib_Math.c,182 :: 		
0x0342	0x3601      	RLCF        R1, 1, 0
;__Lib_Math.c,184 :: 		
0x0344	0x2E0C      	DECFSZ      R12, 1, 0
;__Lib_Math.c,185 :: 		
0x0346	0xD7EB      	BRA         $-40
;__Lib_Math.c,187 :: 		
0x0348	0xB000      	BTFSC       R0, 0, 0
;__Lib_Math.c,188 :: 		
0x034A	0xD006      	BRA         $+14
;__Lib_Math.c,189 :: 		
0x034C	0x5004      	MOVF        R4, 0, 0
;__Lib_Math.c,190 :: 		
0x034E	0x2608      	ADDWF       R8, 1, 0
;__Lib_Math.c,191 :: 		
0x0350	0x5005      	MOVF        R5, 0, 0
;__Lib_Math.c,192 :: 		
0x0352	0xB0D8      	BTFSC       STATUS, 0, 0
;__Lib_Math.c,193 :: 		
0x0354	0x3C05      	INCFSZ      R5, 0, 0
;__Lib_Math.c,194 :: 		
0x0356	0x2609      	ADDWF       R9, 1, 0
;__Lib_Math.c,195 :: 		
0x0358	0x0000      	NOP
;__Lib_Math.c,197 :: 		
L_end_Div_16x16_S_L:
0x035A	0x0012      	RETURN      0
; end of _Div_16x16_S_L
_Lcd_Chr_CP:
;__Lib_Lcd.c,50 :: 		
;__Lib_Lcd.c,52 :: 		
0x035C	0x9048      	BCF         __Lib_Lcd_cmd_status, BitPos(__Lib_Lcd_cmd_status+0) 
;__Lib_Lcd.c,53 :: 		
0x035E	0xF05EC057  	MOVFF       FARG_Lcd_Chr_CP_out_char, FARG_Lcd_Cmd_out_char
0x0362	0xDF77      	RCALL       _Lcd_Cmd
;__Lib_Lcd.c,54 :: 		
0x0364	0x8048      	BSF         __Lib_Lcd_cmd_status, BitPos(__Lib_Lcd_cmd_status+0) 
;__Lib_Lcd.c,55 :: 		
L_end_Lcd_Chr_CP:
0x0366	0x0012      	RETURN      0
; end of _Lcd_Chr_CP
_WordToStr:
;__Lib_Conversions.c,84 :: 		
;__Lib_Conversions.c,89 :: 		
0x0368	0x6A5B      	CLRF        WordToStr_len_L0 
L_WordToStr6:
0x036A	0x0E05      	MOVLW       5
0x036C	0x5C5B      	SUBWF       WordToStr_len_L0, 0 
0x036E	0xE20A      	BC          L_WordToStr7
;__Lib_Conversions.c,90 :: 		
0x0370	0x505B      	MOVF        WordToStr_len_L0, 0 
0x0372	0x2459      	ADDWF       FARG_WordToStr_output, 0 
0x0374	0x6EE1      	MOVWF       FSR1L 
0x0376	0x0E00      	MOVLW       0
0x0378	0x205A      	ADDWFC      FARG_WordToStr_output+1, 0 
0x037A	0x6EE2      	MOVWF       FSR1H 
0x037C	0x0E20      	MOVLW       32
0x037E	0x6EE6      	MOVWF       POSTINC1 
;__Lib_Conversions.c,89 :: 		
0x0380	0x2A5B      	INCF        WordToStr_len_L0, 1 
;__Lib_Conversions.c,90 :: 		
0x0382	0xD7F3      	BRA         L_WordToStr6
L_WordToStr7:
;__Lib_Conversions.c,91 :: 		
0x0384	0x505B      	MOVF        WordToStr_len_L0, 0 
0x0386	0x2459      	ADDWF       FARG_WordToStr_output, 0 
0x0388	0x6EE1      	MOVWF       FSR1L 
0x038A	0x0E00      	MOVLW       0
0x038C	0x205A      	ADDWFC      FARG_WordToStr_output+1, 0 
0x038E	0x6EE2      	MOVWF       FSR1H 
0x0390	0x6AE6      	CLRF        POSTINC1 
0x0392	0x065B      	DECF        WordToStr_len_L0, 1 
;__Lib_Conversions.c,93 :: 		
L_WordToStr9:
;__Lib_Conversions.c,94 :: 		
0x0394	0x505B      	MOVF        WordToStr_len_L0, 0 
0x0396	0x2459      	ADDWF       FARG_WordToStr_output, 0 
0x0398	0x6E5C      	MOVWF       FLOC__WordToStr 
0x039A	0x0E00      	MOVLW       0
0x039C	0x205A      	ADDWFC      FARG_WordToStr_output+1, 0 
0x039E	0x6E5D      	MOVWF       FLOC__WordToStr+1 
0x03A0	0x0E0A      	MOVLW       10
0x03A2	0x6E04      	MOVWF       R4 
0x03A4	0x0E00      	MOVLW       0
0x03A6	0x6E05      	MOVWF       R5 
0x03A8	0xF000C057  	MOVFF       FARG_WordToStr_input, R0
0x03AC	0xF001C058  	MOVFF       FARG_WordToStr_input+1, R1
0x03B0	0xDF8E      	RCALL       _Div_16x16_U
0x03B2	0xF000C008  	MOVFF       R8, R0
0x03B6	0xF001C009  	MOVFF       R9, R1
0x03BA	0x0E30      	MOVLW       48
0x03BC	0x2600      	ADDWF       R0, 1 
0x03BE	0xFFE1C05C  	MOVFF       FLOC__WordToStr, FSR1L
0x03C2	0xFFE2C05D  	MOVFF       FLOC__WordToStr+1, FSR1H
0x03C6	0xFFE6C000  	MOVFF       R0, POSTINC1
;__Lib_Conversions.c,95 :: 		
0x03CA	0x0E0A      	MOVLW       10
0x03CC	0x6E04      	MOVWF       R4 
0x03CE	0x0E00      	MOVLW       0
0x03D0	0x6E05      	MOVWF       R5 
0x03D2	0xF000C057  	MOVFF       FARG_WordToStr_input, R0
0x03D6	0xF001C058  	MOVFF       FARG_WordToStr_input+1, R1
0x03DA	0xDF79      	RCALL       _Div_16x16_U
0x03DC	0xF057C000  	MOVFF       R0, FARG_WordToStr_input
0x03E0	0xF058C001  	MOVFF       R1, FARG_WordToStr_input+1
;__Lib_Conversions.c,96 :: 		
0x03E4	0x0E00      	MOVLW       0
0x03E6	0x1801      	XORWF       R1, 0 
0x03E8	0xE102      	BNZ         L__WordToStr109
0x03EA	0x0E00      	MOVLW       0
0x03EC	0x1800      	XORWF       R0, 0 
L__WordToStr109:
0x03EE	0xE101      	BNZ         L_WordToStr11
;__Lib_Conversions.c,97 :: 		
0x03F0	0xD002      	BRA         L_WordToStr10
L_WordToStr11:
;__Lib_Conversions.c,98 :: 		
0x03F2	0x065B      	DECF        WordToStr_len_L0, 1 
;__Lib_Conversions.c,99 :: 		
0x03F4	0xD7CF      	BRA         L_WordToStr9
L_WordToStr10:
;__Lib_Conversions.c,100 :: 		
L_end_WordToStr:
0x03F6	0x0012      	RETURN      0
; end of _WordToStr
_Lcd_Out:
;__Lib_Lcd.c,184 :: 		
;__Lib_Lcd.c,187 :: 		
0x03F8	0xD00F      	BRA         L_Lcd_Out11
;__Lib_Lcd.c,188 :: 		
L_Lcd_Out13:
0x03FA	0x0E80      	MOVLW       128
0x03FC	0x6E4D      	MOVWF       FARG_Lcd_Out_row 
0x03FE	0xD019      	BRA         L_Lcd_Out12
;__Lib_Lcd.c,189 :: 		
L_Lcd_Out14:
0x0400	0x0EC0      	MOVLW       192
0x0402	0x6E4D      	MOVWF       FARG_Lcd_Out_row 
0x0404	0xD016      	BRA         L_Lcd_Out12
;__Lib_Lcd.c,190 :: 		
L_Lcd_Out15:
0x0406	0x0E94      	MOVLW       148
0x0408	0x6E4D      	MOVWF       FARG_Lcd_Out_row 
0x040A	0xD013      	BRA         L_Lcd_Out12
;__Lib_Lcd.c,191 :: 		
L_Lcd_Out16:
0x040C	0x0ED4      	MOVLW       212
0x040E	0x6E4D      	MOVWF       FARG_Lcd_Out_row 
0x0410	0xD010      	BRA         L_Lcd_Out12
;__Lib_Lcd.c,192 :: 		
L_Lcd_Out17:
0x0412	0x0E80      	MOVLW       128
0x0414	0x6E4D      	MOVWF       FARG_Lcd_Out_row 
;__Lib_Lcd.c,193 :: 		
0x0416	0xD00D      	BRA         L_Lcd_Out12
L_Lcd_Out11:
0x0418	0x504D      	MOVF        FARG_Lcd_Out_row, 0 
0x041A	0x0A01      	XORLW       1
0x041C	0xE0EE      	BZ          L_Lcd_Out13
0x041E	0x504D      	MOVF        FARG_Lcd_Out_row, 0 
0x0420	0x0A02      	XORLW       2
0x0422	0xE0EE      	BZ          L_Lcd_Out14
0x0424	0x504D      	MOVF        FARG_Lcd_Out_row, 0 
0x0426	0x0A03      	XORLW       3
0x0428	0xE0EE      	BZ          L_Lcd_Out15
0x042A	0x504D      	MOVF        FARG_Lcd_Out_row, 0 
0x042C	0x0A04      	XORLW       4
0x042E	0xE0EE      	BZ          L_Lcd_Out16
0x0430	0xD7F0      	BRA         L_Lcd_Out17
L_Lcd_Out12:
;__Lib_Lcd.c,194 :: 		
0x0432	0x044E      	DECF        FARG_Lcd_Out_column, 0 
0x0434	0x6E00      	MOVWF       R0 
0x0436	0x504D      	MOVF        FARG_Lcd_Out_row, 0 
0x0438	0x2600      	ADDWF       R0, 1 
0x043A	0xF04DC000  	MOVFF       R0, FARG_Lcd_Out_row
;__Lib_Lcd.c,196 :: 		
0x043E	0xF05EC000  	MOVFF       R0, FARG_Lcd_Cmd_out_char
0x0442	0xDF07      	RCALL       _Lcd_Cmd
;__Lib_Lcd.c,197 :: 		
0x0444	0x9048      	BCF         __Lib_Lcd_cmd_status, BitPos(__Lib_Lcd_cmd_status+0) 
;__Lib_Lcd.c,198 :: 		
0x0446	0x6A51      	CLRF        Lcd_Out_i_L0 
;__Lib_Lcd.c,199 :: 		
L_Lcd_Out18:
0x0448	0x5051      	MOVF        Lcd_Out_i_L0, 0 
0x044A	0x244F      	ADDWF       FARG_Lcd_Out_text, 0 
0x044C	0x6EE9      	MOVWF       FSR0L 
0x044E	0x0E00      	MOVLW       0
0x0450	0x2050      	ADDWFC      FARG_Lcd_Out_text+1, 0 
0x0452	0x6EEA      	MOVWF       FSR0H 
0x0454	0x52EE      	MOVF        POSTINC0, 1 
0x0456	0xE00B      	BZ          L_Lcd_Out19
;__Lib_Lcd.c,200 :: 		
0x0458	0x5051      	MOVF        Lcd_Out_i_L0, 0 
0x045A	0x244F      	ADDWF       FARG_Lcd_Out_text, 0 
0x045C	0x6EE9      	MOVWF       FSR0L 
0x045E	0x0E00      	MOVLW       0
0x0460	0x2050      	ADDWFC      FARG_Lcd_Out_text+1, 0 
0x0462	0x6EEA      	MOVWF       FSR0H 
0x0464	0xF057CFEE  	MOVFF       POSTINC0, FARG_Lcd_Chr_CP_out_char
0x0468	0xDF79      	RCALL       _Lcd_Chr_CP
0x046A	0x2A51      	INCF        Lcd_Out_i_L0, 1 
0x046C	0xD7ED      	BRA         L_Lcd_Out18
L_Lcd_Out19:
;__Lib_Lcd.c,201 :: 		
0x046E	0x8048      	BSF         __Lib_Lcd_cmd_status, BitPos(__Lib_Lcd_cmd_status+0) 
;__Lib_Lcd.c,202 :: 		
L_end_Lcd_Out:
0x0470	0x0012      	RETURN      0
; end of _Lcd_Out
_Mul_16x16_U:
;__Lib_Math.c,440 :: 		
;__Lib_Math.c,447 :: 		
0x0472	0x6A0B      	CLRF        R11, 0
;__Lib_Math.c,448 :: 		
0x0474	0x6A0A      	CLRF        R10, 0
;__Lib_Math.c,449 :: 		
0x0476	0x6A09      	CLRF        R9, 0
;__Lib_Math.c,450 :: 		
0x0478	0x5000      	MOVF        R0, 0, 0
;__Lib_Math.c,451 :: 		
0x047A	0x0204      	MULWF       R4, 0
;__Lib_Math.c,453 :: 		
0x047C	0xF009CFF4  	MOVFF       PRODH, R9
;__Lib_Math.c,454 :: 		
0x0480	0xF008CFF3  	MOVFF       PRODL, R8
;__Lib_Math.c,455 :: 		
0x0484	0x5001      	MOVF        R1, 0, 0
;__Lib_Math.c,456 :: 		
0x0486	0x0205      	MULWF       R5, 0
;__Lib_Math.c,458 :: 		
0x0488	0xF00BCFF4  	MOVFF       PRODH, R11
;__Lib_Math.c,459 :: 		
0x048C	0xF00ACFF3  	MOVFF       PRODL, R10
;__Lib_Math.c,460 :: 		
0x0490	0x5000      	MOVF        R0, 0, 0
;__Lib_Math.c,461 :: 		
0x0492	0x0205      	MULWF       R5, 0
;__Lib_Math.c,463 :: 		
0x0494	0x50F3      	MOVF        PRODL, 0, 0
;__Lib_Math.c,464 :: 		
0x0496	0x2609      	ADDWF       R9, 1, 0
;__Lib_Math.c,465 :: 		
0x0498	0x50F4      	MOVF        PRODH, 0, 0
;__Lib_Math.c,466 :: 		
0x049A	0x220A      	ADDWFC      R10, 1, 0
;__Lib_Math.c,467 :: 		
0x049C	0x6AE8      	CLRF        WREG, 0
;__Lib_Math.c,468 :: 		
0x049E	0x220B      	ADDWFC      R11, 1, 0
;__Lib_Math.c,469 :: 		
0x04A0	0x5001      	MOVF        R1, 0, 0
;__Lib_Math.c,470 :: 		
0x04A2	0x0204      	MULWF       R4, 0
;__Lib_Math.c,472 :: 		
0x04A4	0x50F3      	MOVF        PRODL, 0, 0
;__Lib_Math.c,473 :: 		
0x04A6	0x2609      	ADDWF       R9, 1, 0
;__Lib_Math.c,474 :: 		
0x04A8	0x50F4      	MOVF        PRODH, 0, 0
;__Lib_Math.c,475 :: 		
0x04AA	0x220A      	ADDWFC      R10, 1, 0
;__Lib_Math.c,476 :: 		
0x04AC	0x6AE8      	CLRF        WREG, 0
;__Lib_Math.c,477 :: 		
0x04AE	0x220B      	ADDWFC      R11, 1, 0
;__Lib_Math.c,479 :: 		
0x04B0	0xF000C008  	MOVFF       R8, R0
;__Lib_Math.c,480 :: 		
0x04B4	0xF001C009  	MOVFF       R9, R1
;__Lib_Math.c,481 :: 		
0x04B8	0xF002C00A  	MOVFF       R10, R2
;__Lib_Math.c,482 :: 		
0x04BC	0xF003C00B  	MOVFF       R11, R3
;__Lib_Math.c,485 :: 		
L_end_Mul_16x16_U:
0x04C0	0x0012      	RETURN      0
; end of _Mul_16x16_U
_Lcd_Init:
;__Lib_Lcd.c,84 :: 		
;__Lib_Lcd.c,86 :: 		
0x04C2	0x9296      	BCF         LCD_EN_Direction, BitPos(LCD_EN_Direction+0) 
;__Lib_Lcd.c,87 :: 		
0x04C4	0x9496      	BCF         LCD_RS_Direction, BitPos(LCD_RS_Direction+0) 
;__Lib_Lcd.c,88 :: 		
0x04C6	0x9895      	BCF         LCD_D4_Direction, BitPos(LCD_D4_Direction+0) 
;__Lib_Lcd.c,89 :: 		
0x04C8	0x9A95      	BCF         LCD_D5_Direction, BitPos(LCD_D5_Direction+0) 
;__Lib_Lcd.c,90 :: 		
0x04CA	0x9C95      	BCF         LCD_D6_Direction, BitPos(LCD_D6_Direction+0) 
;__Lib_Lcd.c,91 :: 		
0x04CC	0x9E95      	BCF         LCD_D7_Direction, BitPos(LCD_D7_Direction+0) 
;__Lib_Lcd.c,93 :: 		
0x04CE	0x9284      	BCF         LCD_EN, BitPos(LCD_EN+0) 
;__Lib_Lcd.c,94 :: 		
0x04D0	0x9484      	BCF         LCD_RS, BitPos(LCD_RS+0) 
;__Lib_Lcd.c,95 :: 		
0x04D2	0x9E83      	BCF         LCD_D7, BitPos(LCD_D7+0) 
;__Lib_Lcd.c,96 :: 		
0x04D4	0x9C83      	BCF         LCD_D6, BitPos(LCD_D6+0) 
;__Lib_Lcd.c,97 :: 		
0x04D6	0x9A83      	BCF         LCD_D5, BitPos(LCD_D5+0) 
;__Lib_Lcd.c,98 :: 		
0x04D8	0x9883      	BCF         LCD_D4, BitPos(LCD_D4+0) 
;__Lib_Lcd.c,100 :: 		
0x04DA	0xDEA8      	RCALL       _Delay_5500us
;__Lib_Lcd.c,101 :: 		
0x04DC	0xDEA7      	RCALL       _Delay_5500us
;__Lib_Lcd.c,102 :: 		
0x04DE	0xDEA6      	RCALL       _Delay_5500us
;__Lib_Lcd.c,105 :: 		
0x04E0	0x8A83      	BSF         LCD_D5, BitPos(LCD_D5+0) 
;__Lib_Lcd.c,106 :: 		
0x04E2	0x8883      	BSF         LCD_D4, BitPos(LCD_D4+0) 
;__Lib_Lcd.c,107 :: 		
0x04E4	0x8284      	BSF         LCD_EN, BitPos(LCD_EN+0) 
;__Lib_Lcd.c,108 :: 		
0x04E6	0xDEAD      	RCALL       _Delay_1us
;__Lib_Lcd.c,109 :: 		
0x04E8	0x9284      	BCF         LCD_EN, BitPos(LCD_EN+0) 
;__Lib_Lcd.c,110 :: 		
0x04EA	0xDEA0      	RCALL       _Delay_5500us
;__Lib_Lcd.c,112 :: 		
0x04EC	0x8284      	BSF         LCD_EN, BitPos(LCD_EN+0) 
;__Lib_Lcd.c,113 :: 		
0x04EE	0xDEA9      	RCALL       _Delay_1us
;__Lib_Lcd.c,114 :: 		
0x04F0	0x9284      	BCF         LCD_EN, BitPos(LCD_EN+0) 
;__Lib_Lcd.c,115 :: 		
0x04F2	0xDE9C      	RCALL       _Delay_5500us
;__Lib_Lcd.c,117 :: 		
0x04F4	0x8284      	BSF         LCD_EN, BitPos(LCD_EN+0) 
;__Lib_Lcd.c,118 :: 		
0x04F6	0xDEA5      	RCALL       _Delay_1us
;__Lib_Lcd.c,119 :: 		
0x04F8	0x9284      	BCF         LCD_EN, BitPos(LCD_EN+0) 
;__Lib_Lcd.c,120 :: 		
0x04FA	0xDE98      	RCALL       _Delay_5500us
;__Lib_Lcd.c,123 :: 		
0x04FC	0x9883      	BCF         LCD_D4, BitPos(LCD_D4+0) 
;__Lib_Lcd.c,124 :: 		
0x04FE	0x8284      	BSF         LCD_EN, BitPos(LCD_EN+0) 
;__Lib_Lcd.c,125 :: 		
0x0500	0xDEA0      	RCALL       _Delay_1us
;__Lib_Lcd.c,126 :: 		
0x0502	0x9284      	BCF         LCD_EN, BitPos(LCD_EN+0) 
;__Lib_Lcd.c,127 :: 		
0x0504	0xDE93      	RCALL       _Delay_5500us
;__Lib_Lcd.c,130 :: 		
0x0506	0x8284      	BSF         LCD_EN, BitPos(LCD_EN+0) 
;__Lib_Lcd.c,131 :: 		
0x0508	0xDE9C      	RCALL       _Delay_1us
;__Lib_Lcd.c,132 :: 		
0x050A	0x9284      	BCF         LCD_EN, BitPos(LCD_EN+0) 
;__Lib_Lcd.c,134 :: 		
0x050C	0x9A83      	BCF         LCD_D5, BitPos(LCD_D5+0) 
;__Lib_Lcd.c,135 :: 		
0x050E	0x8E83      	BSF         LCD_D7, BitPos(LCD_D7+0) 
;__Lib_Lcd.c,136 :: 		
0x0510	0x8284      	BSF         LCD_EN, BitPos(LCD_EN+0) 
;__Lib_Lcd.c,137 :: 		
0x0512	0xDE97      	RCALL       _Delay_1us
;__Lib_Lcd.c,138 :: 		
0x0514	0x9284      	BCF         LCD_EN, BitPos(LCD_EN+0) 
;__Lib_Lcd.c,139 :: 		
0x0516	0xDE8A      	RCALL       _Delay_5500us
;__Lib_Lcd.c,142 :: 		
0x0518	0x9E83      	BCF         LCD_D7, BitPos(LCD_D7+0) 
;__Lib_Lcd.c,143 :: 		
0x051A	0x8883      	BSF         LCD_D4, BitPos(LCD_D4+0) 
;__Lib_Lcd.c,144 :: 		
0x051C	0x8284      	BSF         LCD_EN, BitPos(LCD_EN+0) 
;__Lib_Lcd.c,145 :: 		
0x051E	0xDE91      	RCALL       _Delay_1us
;__Lib_Lcd.c,146 :: 		
0x0520	0x9284      	BCF         LCD_EN, BitPos(LCD_EN+0) 
;__Lib_Lcd.c,148 :: 		
0x0522	0x9883      	BCF         LCD_D4, BitPos(LCD_D4+0) 
;__Lib_Lcd.c,149 :: 		
0x0524	0x8284      	BSF         LCD_EN, BitPos(LCD_EN+0) 
;__Lib_Lcd.c,150 :: 		
0x0526	0xDE8D      	RCALL       _Delay_1us
;__Lib_Lcd.c,151 :: 		
0x0528	0x9284      	BCF         LCD_EN, BitPos(LCD_EN+0) 
;__Lib_Lcd.c,152 :: 		
0x052A	0xDE80      	RCALL       _Delay_5500us
;__Lib_Lcd.c,155 :: 		
0x052C	0x8284      	BSF         LCD_EN, BitPos(LCD_EN+0) 
;__Lib_Lcd.c,156 :: 		
0x052E	0xDE89      	RCALL       _Delay_1us
;__Lib_Lcd.c,157 :: 		
0x0530	0x9284      	BCF         LCD_EN, BitPos(LCD_EN+0) 
;__Lib_Lcd.c,159 :: 		
0x0532	0x8883      	BSF         LCD_D4, BitPos(LCD_D4+0) 
;__Lib_Lcd.c,160 :: 		
0x0534	0x8284      	BSF         LCD_EN, BitPos(LCD_EN+0) 
;__Lib_Lcd.c,161 :: 		
0x0536	0xDE85      	RCALL       _Delay_1us
;__Lib_Lcd.c,162 :: 		
0x0538	0x9284      	BCF         LCD_EN, BitPos(LCD_EN+0) 
;__Lib_Lcd.c,163 :: 		
0x053A	0xDE78      	RCALL       _Delay_5500us
;__Lib_Lcd.c,166 :: 		
0x053C	0x9883      	BCF         LCD_D4, BitPos(LCD_D4+0) 
;__Lib_Lcd.c,167 :: 		
0x053E	0x8284      	BSF         LCD_EN, BitPos(LCD_EN+0) 
;__Lib_Lcd.c,168 :: 		
0x0540	0xDE80      	RCALL       _Delay_1us
;__Lib_Lcd.c,169 :: 		
0x0542	0x9284      	BCF         LCD_EN, BitPos(LCD_EN+0) 
;__Lib_Lcd.c,171 :: 		
0x0544	0x8E83      	BSF         LCD_D7, BitPos(LCD_D7+0) 
;__Lib_Lcd.c,172 :: 		
0x0546	0x8C83      	BSF         LCD_D6, BitPos(LCD_D6+0) 
;__Lib_Lcd.c,173 :: 		
0x0548	0x8A83      	BSF         LCD_D5, BitPos(LCD_D5+0) 
;__Lib_Lcd.c,174 :: 		
0x054A	0x8883      	BSF         LCD_D4, BitPos(LCD_D4+0) 
;__Lib_Lcd.c,175 :: 		
0x054C	0x8284      	BSF         LCD_EN, BitPos(LCD_EN+0) 
;__Lib_Lcd.c,176 :: 		
0x054E	0xDE79      	RCALL       _Delay_1us
;__Lib_Lcd.c,177 :: 		
0x0550	0x9284      	BCF         LCD_EN, BitPos(LCD_EN+0) 
;__Lib_Lcd.c,179 :: 		
0x0552	0xDE6C      	RCALL       _Delay_5500us
;__Lib_Lcd.c,181 :: 		
0x0554	0x8048      	BSF         __Lib_Lcd_cmd_status, BitPos(__Lib_Lcd_cmd_status+0) 
;__Lib_Lcd.c,182 :: 		
L_end_Lcd_Init:
0x0556	0x0012      	RETURN      0
; end of _Lcd_Init
___CC2DW:
;__Lib_System.c,21 :: 		
;__Lib_System.c,23 :: 		
_CC2DL_Loop1:
;__Lib_System.c,24 :: 		
0x0558	0x0009      	TBLRD*+
;__Lib_System.c,25 :: 		
0x055A	0xFFE6CFF5  	MOVFF       TABLAT, POSTINC1
;__Lib_System.c,26 :: 		
0x055E	0x0600      	DECF        R0, 1, 0
;__Lib_System.c,27 :: 		
0x0560	0xE1FB      	BNZ         _CC2DL_Loop1
;__Lib_System.c,28 :: 		
0x0562	0x0601      	DECF        R1, 1, 0
;__Lib_System.c,29 :: 		
0x0564	0xE1F9      	BNZ         _CC2DL_Loop1
;__Lib_System.c,31 :: 		
L_end___CC2DW:
0x0566	0x0012      	RETURN      0
; end of ___CC2DW
_Div_16x16_S:
;__Lib_Math.c,200 :: 		
;__Lib_Math.c,208 :: 		
0x0568	0x5004      	MOVF        R4, 0 
0x056A	0x0A00      	XORLW       0
0x056C	0xE108      	BNZ         L_Div_16x16_S0
;__Lib_Math.c,209 :: 		
0x056E	0x5005      	MOVF        R5, 0 
0x0570	0x0A00      	XORLW       0
0x0572	0xE105      	BNZ         L_Div_16x16_S1
;__Lib_Math.c,210 :: 		
0x0574	0x0EFF      	MOVLW       255
0x0576	0x6E00      	MOVWF       R0 
;__Lib_Math.c,211 :: 		
0x0578	0x0E7F      	MOVLW       127
0x057A	0x6E01      	MOVWF       R1 
;__Lib_Math.c,212 :: 		
0x057C	0xD057      	BRA         L_end_Div_16x16_S
;__Lib_Math.c,213 :: 		
L_Div_16x16_S1:
L_Div_16x16_S0:
;__Lib_Math.c,216 :: 		
0x057E	0x6A0D      	CLRF        R13, 0
;__Lib_Math.c,217 :: 		
0x0580	0x6A09      	CLRF        R9, 0
;__Lib_Math.c,218 :: 		
0x0582	0x6A08      	CLRF        R8, 0
;__Lib_Math.c,219 :: 		
0x0584	0x5001      	MOVF        R1, 0, 0
;__Lib_Math.c,220 :: 		
0x0586	0x1000      	IORWF       R0, 0, 0
;__Lib_Math.c,221 :: 		
0x0588	0xB4D8      	BTFSC       STATUS, 2, 0
;__Lib_Math.c,222 :: 		
0x058A	0x0C00      	RETLW       0
;__Lib_Math.c,224 :: 		
0x058C	0x5001      	MOVF        R1, 0, 0
;__Lib_Math.c,225 :: 		
0x058E	0x1805      	XORWF       R5, 0, 0
;__Lib_Math.c,226 :: 		
0x0590	0x6E0A      	MOVWF       R10, 0
;__Lib_Math.c,227 :: 		
0x0592	0xBE0A      	BTFSC       R10, 7, 0
;__Lib_Math.c,228 :: 		
0x0594	0x1E0D      	COMF        R13, 1, 0
;__Lib_Math.c,230 :: 		
0x0596	0x6A0B      	CLRF        R11, 0
;__Lib_Math.c,232 :: 		
0x0598	0xAE05      	BTFSS       R5, 7, 0
;__Lib_Math.c,233 :: 		
0x059A	0xD005      	BRA         $+12
;__Lib_Math.c,235 :: 		
0x059C	0x1E04      	COMF        R4, 1, 0
;__Lib_Math.c,236 :: 		
0x059E	0x1E05      	COMF        R5, 1, 0
;__Lib_Math.c,237 :: 		
0x05A0	0x2A04      	INCF        R4, 1, 0
;__Lib_Math.c,238 :: 		
0x05A2	0xB4D8      	BTFSC       STATUS, 2, 0
;__Lib_Math.c,239 :: 		
0x05A4	0x2A05      	INCF        R5, 1, 0
;__Lib_Math.c,241 :: 		
0x05A6	0xAE01      	BTFSS       R1, 7, 0
;__Lib_Math.c,242 :: 		
0x05A8	0xD005      	BRA         $+12
;__Lib_Math.c,244 :: 		
0x05AA	0x1E00      	COMF        R0, 1, 0
;__Lib_Math.c,245 :: 		
0x05AC	0x1E01      	COMF        R1, 1, 0
;__Lib_Math.c,246 :: 		
0x05AE	0x2A00      	INCF        R0, 1, 0
;__Lib_Math.c,247 :: 		
0x05B0	0xB4D8      	BTFSC       STATUS, 2, 0
;__Lib_Math.c,248 :: 		
0x05B2	0x2A01      	INCF        R1, 1, 0
;__Lib_Math.c,250 :: 		
0x05B4	0x5001      	MOVF        R1, 0, 0
;__Lib_Math.c,251 :: 		
0x05B6	0x1005      	IORWF       R5, 0, 0
;__Lib_Math.c,252 :: 		
0x05B8	0x6E0A      	MOVWF       R10, 0
;__Lib_Math.c,253 :: 		
0x05BA	0xBE0A      	BTFSC       R10, 7, 0
;__Lib_Math.c,254 :: 		
0x05BC	0xD010      	BRA         $+34
;__Lib_Math.c,256 :: 		
0x05BE	0xDEA2      	RCALL       _Div_16x16_S_L
;__Lib_Math.c,258 :: 		
0x05C0	0xB00B      	BTFSC       R11, 0, 0
;__Lib_Math.c,259 :: 		
0x05C2	0xD020      	BRA         $+66
;__Lib_Math.c,261 :: 		
0x05C4	0xAE0D      	BTFSS       R13, 7, 0
;__Lib_Math.c,262 :: 		
0x05C6	0x0C00      	RETLW       0
;__Lib_Math.c,264 :: 		
0x05C8	0x1E00      	COMF        R0, 1, 0
;__Lib_Math.c,265 :: 		
0x05CA	0x1E01      	COMF        R1, 1, 0
;__Lib_Math.c,266 :: 		
0x05CC	0x2A00      	INCF        R0, 1, 0
;__Lib_Math.c,267 :: 		
0x05CE	0xB4D8      	BTFSC       STATUS, 2, 0
;__Lib_Math.c,268 :: 		
0x05D0	0x2A01      	INCF        R1, 1, 0
;__Lib_Math.c,270 :: 		
0x05D2	0x1E08      	COMF        R8, 1, 0
;__Lib_Math.c,271 :: 		
0x05D4	0x1E09      	COMF        R9, 1, 0
;__Lib_Math.c,272 :: 		
0x05D6	0x2A08      	INCF        R8, 1, 0
;__Lib_Math.c,273 :: 		
0x05D8	0xB4D8      	BTFSC       STATUS, 2, 0
;__Lib_Math.c,274 :: 		
0x05DA	0x2A09      	INCF        R9, 1, 0
;__Lib_Math.c,276 :: 		
0x05DC	0x0C00      	RETLW       0
;__Lib_Math.c,278 :: 		
0x05DE	0xAE05      	BTFSS       R5, 7, 0
;__Lib_Math.c,279 :: 		
0x05E0	0xD00D      	BRA         $+28
;__Lib_Math.c,280 :: 		
0x05E2	0xBE01      	BTFSC       R1, 7, 0
;__Lib_Math.c,281 :: 		
0x05E4	0xD007      	BRA         $+16
;__Lib_Math.c,282 :: 		
0x05E6	0x5001      	MOVF        R1, 0, 0
;__Lib_Math.c,283 :: 		
0x05E8	0x6E09      	MOVWF       R9, 0
;__Lib_Math.c,284 :: 		
0x05EA	0x5000      	MOVF        R0, 0, 0
;__Lib_Math.c,285 :: 		
0x05EC	0x6E08      	MOVWF       R8, 0
;__Lib_Math.c,286 :: 		
0x05EE	0x6A01      	CLRF        R1, 0
;__Lib_Math.c,287 :: 		
0x05F0	0x6A00      	CLRF        R0, 0
;__Lib_Math.c,288 :: 		
0x05F2	0xD7E8      	BRA         $-46
;__Lib_Math.c,289 :: 		
0x05F4	0x6A01      	CLRF        R1, 0
;__Lib_Math.c,290 :: 		
0x05F6	0x6A00      	CLRF        R0, 0
;__Lib_Math.c,291 :: 		
0x05F8	0x2A00      	INCF        R0, 1, 0
;__Lib_Math.c,292 :: 		
0x05FA	0x0C00      	RETLW       0
;__Lib_Math.c,294 :: 		
0x05FC	0x1E01      	COMF        R1, 1, 0
;__Lib_Math.c,295 :: 		
0x05FE	0x1E00      	COMF        R0, 1, 0
;__Lib_Math.c,296 :: 		
0x0600	0x2A0B      	INCF        R11, 1, 0
;__Lib_Math.c,297 :: 		
0x0602	0xD7DD      	BRA         $-68
;__Lib_Math.c,299 :: 		
0x0604	0x2A08      	INCF        R8, 1, 0
;__Lib_Math.c,300 :: 		
0x0606	0xB4D8      	BTFSC       STATUS, 2, 0
;__Lib_Math.c,301 :: 		
0x0608	0x2A09      	INCF        R9, 1, 0
;__Lib_Math.c,302 :: 		
0x060A	0x5004      	MOVF        R4, 0, 0
;__Lib_Math.c,303 :: 		
0x060C	0x5C08      	SUBWF       R8, 0, 0
;__Lib_Math.c,304 :: 		
0x060E	0xA4D8      	BTFSS       STATUS, 2, 0
;__Lib_Math.c,305 :: 		
0x0610	0xD7D9      	BRA         $-76
;__Lib_Math.c,306 :: 		
0x0612	0x5005      	MOVF        R5, 0, 0
;__Lib_Math.c,307 :: 		
0x0614	0x5C09      	SUBWF       R9, 0, 0
;__Lib_Math.c,308 :: 		
0x0616	0xA4D8      	BTFSS       STATUS, 2, 0
;__Lib_Math.c,309 :: 		
0x0618	0xD7D5      	BRA         $-84
;__Lib_Math.c,310 :: 		
0x061A	0x6A09      	CLRF        R9, 0
;__Lib_Math.c,311 :: 		
0x061C	0x6A08      	CLRF        R8, 0
;__Lib_Math.c,312 :: 		
0x061E	0x2A00      	INCF        R0, 1, 0
;__Lib_Math.c,313 :: 		
0x0620	0xB4D8      	BTFSC       STATUS, 2, 0
;__Lib_Math.c,314 :: 		
0x0622	0x2A01      	INCF        R1, 1, 0
;__Lib_Math.c,315 :: 		
0x0624	0xAE01      	BTFSS       R1, 7, 0
;__Lib_Math.c,316 :: 		
0x0626	0xD7CE      	BRA         $-98
;__Lib_Math.c,317 :: 		
0x0628	0x0000      	NOP
;__Lib_Math.c,318 :: 		
0x062A	0x0CFF      	RETLW       255
;__Lib_Math.c,320 :: 		
L_end_Div_16x16_S:
0x062C	0x0012      	RETURN      0
; end of _Div_16x16_S
_IntToStr:
;__Lib_Conversions.c,146 :: 		
;__Lib_Conversions.c,152 :: 		
0x062E	0x6A53      	CLRF        IntToStr_negative_L0 
0x0630	0x6A54      	CLRF        IntToStr_negative_L0+1 
;__Lib_Conversions.c,153 :: 		
0x0632	0xF055C04D  	MOVFF       FARG_IntToStr_input, IntToStr_inword_L0
0x0636	0xF056C04E  	MOVFF       FARG_IntToStr_input+1, IntToStr_inword_L0+1
;__Lib_Conversions.c,154 :: 		
0x063A	0x0E80      	MOVLW       128
0x063C	0x184E      	XORWF       FARG_IntToStr_input+1, 0 
0x063E	0x6E00      	MOVWF       R0 
0x0640	0x0E80      	MOVLW       128
0x0642	0x5C00      	SUBWF       R0, 0 
0x0644	0xE102      	BNZ         L__IntToStr115
0x0646	0x0E00      	MOVLW       0
0x0648	0x5C4D      	SUBWF       FARG_IntToStr_input, 0 
L__IntToStr115:
0x064A	0xE20B      	BC          L_IntToStr23
;__Lib_Conversions.c,155 :: 		
0x064C	0x0E01      	MOVLW       1
0x064E	0x6E53      	MOVWF       IntToStr_negative_L0 
0x0650	0x0E00      	MOVLW       0
0x0652	0x6E54      	MOVWF       IntToStr_negative_L0+1 
;__Lib_Conversions.c,156 :: 		
0x0654	0x504D      	MOVF        FARG_IntToStr_input, 0 
0x0656	0x0800      	SUBLW       0
0x0658	0x6E55      	MOVWF       IntToStr_inword_L0 
0x065A	0xF056C04E  	MOVFF       FARG_IntToStr_input+1, IntToStr_inword_L0+1
0x065E	0x0E00      	MOVLW       0
0x0660	0x5656      	SUBFWB      IntToStr_inword_L0+1, 1 
;__Lib_Conversions.c,157 :: 		
L_IntToStr23:
;__Lib_Conversions.c,158 :: 		
0x0662	0xF057C055  	MOVFF       IntToStr_inword_L0, FARG_WordToStr_input
0x0666	0xF058C056  	MOVFF       IntToStr_inword_L0+1, FARG_WordToStr_input+1
0x066A	0xF059C04F  	MOVFF       FARG_IntToStr_output, FARG_WordToStr_output
0x066E	0xF05AC050  	MOVFF       FARG_IntToStr_output+1, FARG_WordToStr_output+1
0x0672	0xDE7A      	RCALL       _WordToStr
;__Lib_Conversions.c,160 :: 		
0x0674	0x0E06      	MOVLW       6
0x0676	0x6E51      	MOVWF       IntToStr_i_L0 
0x0678	0x0E00      	MOVLW       0
0x067A	0x6E52      	MOVWF       IntToStr_i_L0+1 
;__Lib_Conversions.c,161 :: 		
L_IntToStr24:
0x067C	0x0E00      	MOVLW       0
0x067E	0x6E00      	MOVWF       R0 
0x0680	0x5052      	MOVF        IntToStr_i_L0+1, 0 
0x0682	0x5C00      	SUBWF       R0, 0 
0x0684	0xE102      	BNZ         L__IntToStr116
0x0686	0x5051      	MOVF        IntToStr_i_L0, 0 
0x0688	0x0800      	SUBLW       0
L__IntToStr116:
0x068A	0xE219      	BC          L_IntToStr25
;__Lib_Conversions.c,162 :: 		
0x068C	0x5051      	MOVF        IntToStr_i_L0, 0 
0x068E	0x244F      	ADDWF       FARG_IntToStr_output, 0 
0x0690	0x6EE1      	MOVWF       FSR1L 
0x0692	0x5052      	MOVF        IntToStr_i_L0+1, 0 
0x0694	0x2050      	ADDWFC      FARG_IntToStr_output+1, 0 
0x0696	0x6EE2      	MOVWF       FSR1H 
0x0698	0x0E01      	MOVLW       1
0x069A	0x5C51      	SUBWF       IntToStr_i_L0, 0 
0x069C	0x6E00      	MOVWF       R0 
0x069E	0x0E00      	MOVLW       0
0x06A0	0x5852      	SUBWFB      IntToStr_i_L0+1, 0 
0x06A2	0x6E01      	MOVWF       R1 
0x06A4	0x5000      	MOVF        R0, 0 
0x06A6	0x244F      	ADDWF       FARG_IntToStr_output, 0 
0x06A8	0x6EE9      	MOVWF       FSR0L 
0x06AA	0x5001      	MOVF        R1, 0 
0x06AC	0x2050      	ADDWFC      FARG_IntToStr_output+1, 0 
0x06AE	0x6EEA      	MOVWF       FSR0H 
0x06B0	0xFFE6CFEE  	MOVFF       POSTINC0, POSTINC1
;__Lib_Conversions.c,163 :: 		
0x06B4	0x0E01      	MOVLW       1
0x06B6	0x5E51      	SUBWF       IntToStr_i_L0, 1 
0x06B8	0x0E00      	MOVLW       0
0x06BA	0x5A52      	SUBWFB      IntToStr_i_L0+1, 1 
;__Lib_Conversions.c,164 :: 		
0x06BC	0xD7DF      	BRA         L_IntToStr24
L_IntToStr25:
;__Lib_Conversions.c,165 :: 		
0x06BE	0xFFE1C04F  	MOVFF       FARG_IntToStr_output, FSR1L
0x06C2	0xFFE2C050  	MOVFF       FARG_IntToStr_output+1, FSR1H
0x06C6	0x0E20      	MOVLW       32
0x06C8	0x6EE6      	MOVWF       POSTINC1 
;__Lib_Conversions.c,166 :: 		
0x06CA	0x5053      	MOVF        IntToStr_negative_L0, 0 
0x06CC	0x1054      	IORWF       IntToStr_negative_L0+1, 0 
0x06CE	0xE01A      	BZ          L_IntToStr26
;__Lib_Conversions.c,167 :: 		
0x06D0	0x6A51      	CLRF        IntToStr_i_L0 
0x06D2	0x6A52      	CLRF        IntToStr_i_L0+1 
;__Lib_Conversions.c,168 :: 		
L_IntToStr27:
0x06D4	0x5051      	MOVF        IntToStr_i_L0, 0 
0x06D6	0x244F      	ADDWF       FARG_IntToStr_output, 0 
0x06D8	0x6EE9      	MOVWF       FSR0L 
0x06DA	0x5052      	MOVF        IntToStr_i_L0+1, 0 
0x06DC	0x2050      	ADDWFC      FARG_IntToStr_output+1, 0 
0x06DE	0x6EEA      	MOVWF       FSR0H 
0x06E0	0x50EE      	MOVF        POSTINC0, 0 
0x06E2	0x0A20      	XORLW       32
0x06E4	0xE103      	BNZ         L_IntToStr28
0x06E6	0x4A51      	INFSNZ      IntToStr_i_L0, 1 
0x06E8	0x2A52      	INCF        IntToStr_i_L0+1, 1 
0x06EA	0xD7F4      	BRA         L_IntToStr27
L_IntToStr28:
;__Lib_Conversions.c,169 :: 		
0x06EC	0x0E01      	MOVLW       1
0x06EE	0x5E51      	SUBWF       IntToStr_i_L0, 1 
0x06F0	0x0E00      	MOVLW       0
0x06F2	0x5A52      	SUBWFB      IntToStr_i_L0+1, 1 
;__Lib_Conversions.c,170 :: 		
0x06F4	0x5051      	MOVF        IntToStr_i_L0, 0 
0x06F6	0x244F      	ADDWF       FARG_IntToStr_output, 0 
0x06F8	0x6EE1      	MOVWF       FSR1L 
0x06FA	0x5052      	MOVF        IntToStr_i_L0+1, 0 
0x06FC	0x2050      	ADDWFC      FARG_IntToStr_output+1, 0 
0x06FE	0x6EE2      	MOVWF       FSR1H 
0x0700	0x0E2D      	MOVLW       45
0x0702	0x6EE6      	MOVWF       POSTINC1 
L_IntToStr26:
;__Lib_Conversions.c,171 :: 		
L_end_IntToStr:
0x0704	0x0012      	RETURN      0
; end of _IntToStr
_convertTecla:
;calculadoraLCD.c,144 :: 		int convertTecla (int tecla, KeyType* type)
;calculadoraLCD.c,146 :: 		int result = -1;
0x0706	0x0EFF      	MOVLW       255
0x0708	0x6E51      	MOVWF       convertTecla_result_L0 
0x070A	0x0EFF      	MOVLW       255
0x070C	0x6E52      	MOVWF       convertTecla_result_L0+1 
;calculadoraLCD.c,147 :: 		switch(tecla)
0x070E	0xD095      	BRA         L_convertTecla27
;calculadoraLCD.c,149 :: 		case 231:
L_convertTecla29:
;calculadoraLCD.c,150 :: 		*type = ON_CLEAR;
0x0710	0xFFE1C04F  	MOVFF       FARG_convertTecla_type, FSR1L
0x0714	0xFFE2C050  	MOVFF       FARG_convertTecla_type+1, FSR1H
0x0718	0x0E05      	MOVLW       5
0x071A	0x6EE6      	MOVWF       POSTINC1 
;calculadoraLCD.c,151 :: 		break;
0x071C	0xD0FB      	BRA         L_convertTecla28
;calculadoraLCD.c,153 :: 		case 215:
L_convertTecla30:
;calculadoraLCD.c,154 :: 		*type = NUM;
0x071E	0xFFE1C04F  	MOVFF       FARG_convertTecla_type, FSR1L
0x0722	0xFFE2C050  	MOVFF       FARG_convertTecla_type+1, FSR1H
0x0726	0x0E06      	MOVLW       6
0x0728	0x6EE6      	MOVWF       POSTINC1 
;calculadoraLCD.c,155 :: 		result = 0;
0x072A	0x6A51      	CLRF        convertTecla_result_L0 
0x072C	0x6A52      	CLRF        convertTecla_result_L0+1 
;calculadoraLCD.c,156 :: 		break;
0x072E	0xD0F2      	BRA         L_convertTecla28
;calculadoraLCD.c,158 :: 		case 183:
L_convertTecla31:
;calculadoraLCD.c,159 :: 		*type = IGUAL;
0x0730	0xFFE1C04F  	MOVFF       FARG_convertTecla_type, FSR1L
0x0734	0xFFE2C050  	MOVFF       FARG_convertTecla_type+1, FSR1H
0x0738	0x6AE6      	CLRF        POSTINC1 
;calculadoraLCD.c,160 :: 		break;
0x073A	0xD0EC      	BRA         L_convertTecla28
;calculadoraLCD.c,162 :: 		case 119:
L_convertTecla32:
;calculadoraLCD.c,163 :: 		*type = SOMA;
0x073C	0xFFE1C04F  	MOVFF       FARG_convertTecla_type, FSR1L
0x0740	0xFFE2C050  	MOVFF       FARG_convertTecla_type+1, FSR1H
0x0744	0x0E01      	MOVLW       1
0x0746	0x6EE6      	MOVWF       POSTINC1 
;calculadoraLCD.c,164 :: 		break;
0x0748	0xD0E5      	BRA         L_convertTecla28
;calculadoraLCD.c,166 :: 		case 235:
L_convertTecla33:
;calculadoraLCD.c,167 :: 		*type = NUM;
0x074A	0xFFE1C04F  	MOVFF       FARG_convertTecla_type, FSR1L
0x074E	0xFFE2C050  	MOVFF       FARG_convertTecla_type+1, FSR1H
0x0752	0x0E06      	MOVLW       6
0x0754	0x6EE6      	MOVWF       POSTINC1 
;calculadoraLCD.c,168 :: 		result = 1;
0x0756	0x0E01      	MOVLW       1
0x0758	0x6E51      	MOVWF       convertTecla_result_L0 
0x075A	0x0E00      	MOVLW       0
0x075C	0x6E52      	MOVWF       convertTecla_result_L0+1 
;calculadoraLCD.c,169 :: 		break;
0x075E	0xD0DA      	BRA         L_convertTecla28
;calculadoraLCD.c,171 :: 		case 219:
L_convertTecla34:
;calculadoraLCD.c,172 :: 		*type = NUM;
0x0760	0xFFE1C04F  	MOVFF       FARG_convertTecla_type, FSR1L
0x0764	0xFFE2C050  	MOVFF       FARG_convertTecla_type+1, FSR1H
0x0768	0x0E06      	MOVLW       6
0x076A	0x6EE6      	MOVWF       POSTINC1 
;calculadoraLCD.c,173 :: 		result = 2;
0x076C	0x0E02      	MOVLW       2
0x076E	0x6E51      	MOVWF       convertTecla_result_L0 
0x0770	0x0E00      	MOVLW       0
0x0772	0x6E52      	MOVWF       convertTecla_result_L0+1 
;calculadoraLCD.c,174 :: 		break;
0x0774	0xD0CF      	BRA         L_convertTecla28
;calculadoraLCD.c,176 :: 		case 187:
L_convertTecla35:
;calculadoraLCD.c,177 :: 		*type = NUM;
0x0776	0xFFE1C04F  	MOVFF       FARG_convertTecla_type, FSR1L
0x077A	0xFFE2C050  	MOVFF       FARG_convertTecla_type+1, FSR1H
0x077E	0x0E06      	MOVLW       6
0x0780	0x6EE6      	MOVWF       POSTINC1 
;calculadoraLCD.c,178 :: 		result = 3;
0x0782	0x0E03      	MOVLW       3
0x0784	0x6E51      	MOVWF       convertTecla_result_L0 
0x0786	0x0E00      	MOVLW       0
0x0788	0x6E52      	MOVWF       convertTecla_result_L0+1 
;calculadoraLCD.c,179 :: 		break;
0x078A	0xD0C4      	BRA         L_convertTecla28
;calculadoraLCD.c,181 :: 		case 123:
L_convertTecla36:
;calculadoraLCD.c,182 :: 		*type = SUB;
0x078C	0xFFE1C04F  	MOVFF       FARG_convertTecla_type, FSR1L
0x0790	0xFFE2C050  	MOVFF       FARG_convertTecla_type+1, FSR1H
0x0794	0x0E02      	MOVLW       2
0x0796	0x6EE6      	MOVWF       POSTINC1 
;calculadoraLCD.c,183 :: 		break;
0x0798	0xD0BD      	BRA         L_convertTecla28
;calculadoraLCD.c,185 :: 		case 237:
L_convertTecla37:
;calculadoraLCD.c,186 :: 		*type = NUM;
0x079A	0xFFE1C04F  	MOVFF       FARG_convertTecla_type, FSR1L
0x079E	0xFFE2C050  	MOVFF       FARG_convertTecla_type+1, FSR1H
0x07A2	0x0E06      	MOVLW       6
0x07A4	0x6EE6      	MOVWF       POSTINC1 
;calculadoraLCD.c,187 :: 		result = 4;
0x07A6	0x0E04      	MOVLW       4
0x07A8	0x6E51      	MOVWF       convertTecla_result_L0 
0x07AA	0x0E00      	MOVLW       0
0x07AC	0x6E52      	MOVWF       convertTecla_result_L0+1 
;calculadoraLCD.c,188 :: 		break;
0x07AE	0xD0B2      	BRA         L_convertTecla28
;calculadoraLCD.c,190 :: 		case 221:
L_convertTecla38:
;calculadoraLCD.c,191 :: 		*type = NUM;
0x07B0	0xFFE1C04F  	MOVFF       FARG_convertTecla_type, FSR1L
0x07B4	0xFFE2C050  	MOVFF       FARG_convertTecla_type+1, FSR1H
0x07B8	0x0E06      	MOVLW       6
0x07BA	0x6EE6      	MOVWF       POSTINC1 
;calculadoraLCD.c,192 :: 		result = 5;
0x07BC	0x0E05      	MOVLW       5
0x07BE	0x6E51      	MOVWF       convertTecla_result_L0 
0x07C0	0x0E00      	MOVLW       0
0x07C2	0x6E52      	MOVWF       convertTecla_result_L0+1 
;calculadoraLCD.c,193 :: 		break;
0x07C4	0xD0A7      	BRA         L_convertTecla28
;calculadoraLCD.c,195 :: 		case 189:
L_convertTecla39:
;calculadoraLCD.c,196 :: 		*type = NUM;
0x07C6	0xFFE1C04F  	MOVFF       FARG_convertTecla_type, FSR1L
0x07CA	0xFFE2C050  	MOVFF       FARG_convertTecla_type+1, FSR1H
0x07CE	0x0E06      	MOVLW       6
0x07D0	0x6EE6      	MOVWF       POSTINC1 
;calculadoraLCD.c,197 :: 		result = 6;
0x07D2	0x0E06      	MOVLW       6
0x07D4	0x6E51      	MOVWF       convertTecla_result_L0 
0x07D6	0x0E00      	MOVLW       0
0x07D8	0x6E52      	MOVWF       convertTecla_result_L0+1 
;calculadoraLCD.c,198 :: 		break;
0x07DA	0xD09C      	BRA         L_convertTecla28
;calculadoraLCD.c,200 :: 		case 125:
L_convertTecla40:
;calculadoraLCD.c,201 :: 		*type = MULT;
0x07DC	0xFFE1C04F  	MOVFF       FARG_convertTecla_type, FSR1L
0x07E0	0xFFE2C050  	MOVFF       FARG_convertTecla_type+1, FSR1H
0x07E4	0x0E03      	MOVLW       3
0x07E6	0x6EE6      	MOVWF       POSTINC1 
;calculadoraLCD.c,202 :: 		break;
0x07E8	0xD095      	BRA         L_convertTecla28
;calculadoraLCD.c,204 :: 		case 238:
L_convertTecla41:
;calculadoraLCD.c,205 :: 		*type = NUM;
0x07EA	0xFFE1C04F  	MOVFF       FARG_convertTecla_type, FSR1L
0x07EE	0xFFE2C050  	MOVFF       FARG_convertTecla_type+1, FSR1H
0x07F2	0x0E06      	MOVLW       6
0x07F4	0x6EE6      	MOVWF       POSTINC1 
;calculadoraLCD.c,206 :: 		result = 7;
0x07F6	0x0E07      	MOVLW       7
0x07F8	0x6E51      	MOVWF       convertTecla_result_L0 
0x07FA	0x0E00      	MOVLW       0
0x07FC	0x6E52      	MOVWF       convertTecla_result_L0+1 
;calculadoraLCD.c,207 :: 		break;
0x07FE	0xD08A      	BRA         L_convertTecla28
;calculadoraLCD.c,209 :: 		case 222:
L_convertTecla42:
;calculadoraLCD.c,210 :: 		*type = NUM;
0x0800	0xFFE1C04F  	MOVFF       FARG_convertTecla_type, FSR1L
0x0804	0xFFE2C050  	MOVFF       FARG_convertTecla_type+1, FSR1H
0x0808	0x0E06      	MOVLW       6
0x080A	0x6EE6      	MOVWF       POSTINC1 
;calculadoraLCD.c,211 :: 		result = 8;
0x080C	0x0E08      	MOVLW       8
0x080E	0x6E51      	MOVWF       convertTecla_result_L0 
0x0810	0x0E00      	MOVLW       0
0x0812	0x6E52      	MOVWF       convertTecla_result_L0+1 
;calculadoraLCD.c,212 :: 		break;
0x0814	0xD07F      	BRA         L_convertTecla28
;calculadoraLCD.c,214 :: 		case 190:
L_convertTecla43:
;calculadoraLCD.c,215 :: 		*type = NUM;
0x0816	0xFFE1C04F  	MOVFF       FARG_convertTecla_type, FSR1L
0x081A	0xFFE2C050  	MOVFF       FARG_convertTecla_type+1, FSR1H
0x081E	0x0E06      	MOVLW       6
0x0820	0x6EE6      	MOVWF       POSTINC1 
;calculadoraLCD.c,216 :: 		result = 9;
0x0822	0x0E09      	MOVLW       9
0x0824	0x6E51      	MOVWF       convertTecla_result_L0 
0x0826	0x0E00      	MOVLW       0
0x0828	0x6E52      	MOVWF       convertTecla_result_L0+1 
;calculadoraLCD.c,217 :: 		break;
0x082A	0xD074      	BRA         L_convertTecla28
;calculadoraLCD.c,219 :: 		case 126:
L_convertTecla44:
;calculadoraLCD.c,220 :: 		*type = DIVI;
0x082C	0xFFE1C04F  	MOVFF       FARG_convertTecla_type, FSR1L
0x0830	0xFFE2C050  	MOVFF       FARG_convertTecla_type+1, FSR1H
0x0834	0x0E04      	MOVLW       4
0x0836	0x6EE6      	MOVWF       POSTINC1 
;calculadoraLCD.c,221 :: 		break;
0x0838	0xD06D      	BRA         L_convertTecla28
;calculadoraLCD.c,222 :: 		}
L_convertTecla27:
0x083A	0x0E00      	MOVLW       0
0x083C	0x184E      	XORWF       FARG_convertTecla_tecla+1, 0 
0x083E	0xE102      	BNZ         L__convertTecla53
0x0840	0x0EE7      	MOVLW       231
0x0842	0x184D      	XORWF       FARG_convertTecla_tecla, 0 
L__convertTecla53:
0x0844	0xB4D8      	BTFSC       STATUS, 2 
0x0846	0xD764      	BRA         L_convertTecla29
0x0848	0x0E00      	MOVLW       0
0x084A	0x184E      	XORWF       FARG_convertTecla_tecla+1, 0 
0x084C	0xE102      	BNZ         L__convertTecla54
0x084E	0x0ED7      	MOVLW       215
0x0850	0x184D      	XORWF       FARG_convertTecla_tecla, 0 
L__convertTecla54:
0x0852	0xB4D8      	BTFSC       STATUS, 2 
0x0854	0xD764      	BRA         L_convertTecla30
0x0856	0x0E00      	MOVLW       0
0x0858	0x184E      	XORWF       FARG_convertTecla_tecla+1, 0 
0x085A	0xE102      	BNZ         L__convertTecla55
0x085C	0x0EB7      	MOVLW       183
0x085E	0x184D      	XORWF       FARG_convertTecla_tecla, 0 
L__convertTecla55:
0x0860	0xB4D8      	BTFSC       STATUS, 2 
0x0862	0xD766      	BRA         L_convertTecla31
0x0864	0x0E00      	MOVLW       0
0x0866	0x184E      	XORWF       FARG_convertTecla_tecla+1, 0 
0x0868	0xE102      	BNZ         L__convertTecla56
0x086A	0x0E77      	MOVLW       119
0x086C	0x184D      	XORWF       FARG_convertTecla_tecla, 0 
L__convertTecla56:
0x086E	0xB4D8      	BTFSC       STATUS, 2 
0x0870	0xD765      	BRA         L_convertTecla32
0x0872	0x0E00      	MOVLW       0
0x0874	0x184E      	XORWF       FARG_convertTecla_tecla+1, 0 
0x0876	0xE102      	BNZ         L__convertTecla57
0x0878	0x0EEB      	MOVLW       235
0x087A	0x184D      	XORWF       FARG_convertTecla_tecla, 0 
L__convertTecla57:
0x087C	0xB4D8      	BTFSC       STATUS, 2 
0x087E	0xD765      	BRA         L_convertTecla33
0x0880	0x0E00      	MOVLW       0
0x0882	0x184E      	XORWF       FARG_convertTecla_tecla+1, 0 
0x0884	0xE102      	BNZ         L__convertTecla58
0x0886	0x0EDB      	MOVLW       219
0x0888	0x184D      	XORWF       FARG_convertTecla_tecla, 0 
L__convertTecla58:
0x088A	0xB4D8      	BTFSC       STATUS, 2 
0x088C	0xD769      	BRA         L_convertTecla34
0x088E	0x0E00      	MOVLW       0
0x0890	0x184E      	XORWF       FARG_convertTecla_tecla+1, 0 
0x0892	0xE102      	BNZ         L__convertTecla59
0x0894	0x0EBB      	MOVLW       187
0x0896	0x184D      	XORWF       FARG_convertTecla_tecla, 0 
L__convertTecla59:
0x0898	0xB4D8      	BTFSC       STATUS, 2 
0x089A	0xD76D      	BRA         L_convertTecla35
0x089C	0x0E00      	MOVLW       0
0x089E	0x184E      	XORWF       FARG_convertTecla_tecla+1, 0 
0x08A0	0xE102      	BNZ         L__convertTecla60
0x08A2	0x0E7B      	MOVLW       123
0x08A4	0x184D      	XORWF       FARG_convertTecla_tecla, 0 
L__convertTecla60:
0x08A6	0xB4D8      	BTFSC       STATUS, 2 
0x08A8	0xD771      	BRA         L_convertTecla36
0x08AA	0x0E00      	MOVLW       0
0x08AC	0x184E      	XORWF       FARG_convertTecla_tecla+1, 0 
0x08AE	0xE102      	BNZ         L__convertTecla61
0x08B0	0x0EED      	MOVLW       237
0x08B2	0x184D      	XORWF       FARG_convertTecla_tecla, 0 
L__convertTecla61:
0x08B4	0xB4D8      	BTFSC       STATUS, 2 
0x08B6	0xD771      	BRA         L_convertTecla37
0x08B8	0x0E00      	MOVLW       0
0x08BA	0x184E      	XORWF       FARG_convertTecla_tecla+1, 0 
0x08BC	0xE102      	BNZ         L__convertTecla62
0x08BE	0x0EDD      	MOVLW       221
0x08C0	0x184D      	XORWF       FARG_convertTecla_tecla, 0 
L__convertTecla62:
0x08C2	0xB4D8      	BTFSC       STATUS, 2 
0x08C4	0xD775      	BRA         L_convertTecla38
0x08C6	0x0E00      	MOVLW       0
0x08C8	0x184E      	XORWF       FARG_convertTecla_tecla+1, 0 
0x08CA	0xE102      	BNZ         L__convertTecla63
0x08CC	0x0EBD      	MOVLW       189
0x08CE	0x184D      	XORWF       FARG_convertTecla_tecla, 0 
L__convertTecla63:
0x08D0	0xB4D8      	BTFSC       STATUS, 2 
0x08D2	0xD779      	BRA         L_convertTecla39
0x08D4	0x0E00      	MOVLW       0
0x08D6	0x184E      	XORWF       FARG_convertTecla_tecla+1, 0 
0x08D8	0xE102      	BNZ         L__convertTecla64
0x08DA	0x0E7D      	MOVLW       125
0x08DC	0x184D      	XORWF       FARG_convertTecla_tecla, 0 
L__convertTecla64:
0x08DE	0xB4D8      	BTFSC       STATUS, 2 
0x08E0	0xD77D      	BRA         L_convertTecla40
0x08E2	0x0E00      	MOVLW       0
0x08E4	0x184E      	XORWF       FARG_convertTecla_tecla+1, 0 
0x08E6	0xE102      	BNZ         L__convertTecla65
0x08E8	0x0EEE      	MOVLW       238
0x08EA	0x184D      	XORWF       FARG_convertTecla_tecla, 0 
L__convertTecla65:
0x08EC	0xB4D8      	BTFSC       STATUS, 2 
0x08EE	0xD77D      	BRA         L_convertTecla41
0x08F0	0x0E00      	MOVLW       0
0x08F2	0x184E      	XORWF       FARG_convertTecla_tecla+1, 0 
0x08F4	0xE102      	BNZ         L__convertTecla66
0x08F6	0x0EDE      	MOVLW       222
0x08F8	0x184D      	XORWF       FARG_convertTecla_tecla, 0 
L__convertTecla66:
0x08FA	0xE082      	BZ          L_convertTecla42
0x08FC	0x0E00      	MOVLW       0
0x08FE	0x184E      	XORWF       FARG_convertTecla_tecla+1, 0 
0x0900	0xE102      	BNZ         L__convertTecla67
0x0902	0x0EBE      	MOVLW       190
0x0904	0x184D      	XORWF       FARG_convertTecla_tecla, 0 
L__convertTecla67:
0x0906	0xE087      	BZ          L_convertTecla43
0x0908	0x0E00      	MOVLW       0
0x090A	0x184E      	XORWF       FARG_convertTecla_tecla+1, 0 
0x090C	0xE102      	BNZ         L__convertTecla68
0x090E	0x0E7E      	MOVLW       126
0x0910	0x184D      	XORWF       FARG_convertTecla_tecla, 0 
L__convertTecla68:
0x0912	0xE08C      	BZ          L_convertTecla44
L_convertTecla28:
;calculadoraLCD.c,224 :: 		return result;
0x0914	0xF000C051  	MOVFF       convertTecla_result_L0, R0
0x0918	0xF001C052  	MOVFF       convertTecla_result_L0+1, R1
;calculadoraLCD.c,225 :: 		}
L_end_convertTecla:
0x091C	0x0012      	RETURN      0
; end of _convertTecla
_main:
0x091E	0x6A19      	CLRF        _operando1 
0x0920	0x6A1A      	CLRF        26 
0x0922	0x6A1B      	CLRF        _operando2 
0x0924	0x6A1C      	CLRF        28 
0x0926	0x0E07      	MOVLW       7
0x0928	0x6E1D      	MOVWF       _operation 
0x092A	0x0E01      	MOVLW       1
0x092C	0x6E1E      	MOVWF       _edge 
;calculadoraLCD.c,113 :: 		void main()
;calculadoraLCD.c,116 :: 		ADCON1 = 0x6;
0x092E	0x0E06      	MOVLW       6
0x0930	0x6EC1      	MOVWF       ADCON1 
;calculadoraLCD.c,119 :: 		Lcd_Init();
0x0932	0xDDC7      	RCALL       _Lcd_Init
;calculadoraLCD.c,122 :: 		INTCON.GIE = 1;
0x0934	0x8EF2      	BSF         INTCON, 7 
;calculadoraLCD.c,125 :: 		TRISB.RB4 = 1; // digital input
0x0936	0x8893      	BSF         TRISB, 4 
;calculadoraLCD.c,126 :: 		TRISB.RB5 = 1; // digital input
0x0938	0x8A93      	BSF         TRISB, 5 
;calculadoraLCD.c,127 :: 		TRISB.RB6 = 1; // digital input
0x093A	0x8C93      	BSF         TRISB, 6 
;calculadoraLCD.c,128 :: 		TRISB.RB7 = 1; // digital input
0x093C	0x8E93      	BSF         TRISB, 7 
;calculadoraLCD.c,130 :: 		TRISB.RB0 = 0; // digital output
0x093E	0x9093      	BCF         TRISB, 0 
;calculadoraLCD.c,131 :: 		TRISB.RB1 = 0;
0x0940	0x9293      	BCF         TRISB, 1 
;calculadoraLCD.c,132 :: 		TRISB.RB2 = 0;
0x0942	0x9493      	BCF         TRISB, 2 
;calculadoraLCD.c,133 :: 		TRISB.RB3 = 0;
0x0944	0x9693      	BCF         TRISB, 3 
;calculadoraLCD.c,135 :: 		PORTB.RB0 = 0; // digital output
0x0946	0x9081      	BCF         PORTB, 0 
;calculadoraLCD.c,136 :: 		PORTB.RB1 = 0;
0x0948	0x9281      	BCF         PORTB, 1 
;calculadoraLCD.c,137 :: 		PORTB.RB2 = 0;
0x094A	0x9481      	BCF         PORTB, 2 
;calculadoraLCD.c,138 :: 		PORTB.RB3 = 0;
0x094C	0x9681      	BCF         PORTB, 3 
;calculadoraLCD.c,140 :: 		INTCON.RBIE = 1;
0x094E	0x86F2      	BSF         INTCON, 3 
;calculadoraLCD.c,141 :: 		INTCON.RBIF = 0;
0x0950	0x90F2      	BCF         INTCON, 0 
;calculadoraLCD.c,142 :: 		}
L_end_main:
0x0952	0xD7FF      	BRA         $+0
; end of _main
Symbol List:
//** Routines locations **
//ADDRESS    SIZE    PROCEDURE
//----------------------------------------------
0x0008     [548]    _interrupt
0x022C      [22]    _Delay_5500us
0x0242       [6]    _Delay_1us
0x0248      [10]    _Delay_50us
0x0252     [124]    _Lcd_Cmd
0x02CE      [54]    _Div_16x16_U
0x0304      [88]    _Div_16x16_S_L
0x035C      [12]    _Lcd_Chr_CP
0x0368     [144]    _WordToStr
0x03F8     [122]    _Lcd_Out
0x0472      [80]    _Mul_16x16_U
0x04C2     [150]    _Lcd_Init
0x0558      [16]    ___CC2DW
0x0568     [198]    _Div_16x16_S
0x062E     [216]    _IntToStr
0x0706     [536]    _convertTecla
0x091E      [54]    _main
//** Variables locations ** 
//ADDRESS    SIZE    VARIABLE
//----------------------------------------------
0x0000       [1]    R0
0x0000       [1]    FLASH_Erase_64_SaveINTCON_L0
0x0000       [1]    SPI1_Write_tmp_L0
0x0000       [1]    __Lib_SoftI2C_PutZerosToLATSda_temp_sda_L0
0x0000       [1]    EEPROM_Write_SaveINTCON_L0
0x0000       [1]    UART1_Init_tmp_L0
0x0000       [1]    __Lib_SoftI2C_PutZerosToLATScl_temp_scl_L0
0x0001       [1]    UART1_Read___tmp_UART1_Read_L0
0x0001       [1]    __Lib_TFT_JPEG_FileReadBytes_Result_L0
0x0001       [1]    __Lib_TFT_16bit_JPEG_FileRead_i_L0
0x0001       [1]    FLASH_Erase_Write_64_i_L0
0x0001       [1]    __Lib_TFT_JPEG_FileRead_i_L0
0x0001       [2]    FLASH_Read_N_Bytes_i_L0
0x0001       [1]    __Lib_PS2_Wait_Falling_nsample_L0
0x0001       [1]    FLASH_Write_8_i_L0
0x0001       [1]    ispunct_rslt_L0
0x0001       [1]    R1
0x0001       [1]    __Lib_TFT_16bit_JPEG_FileReadBytes_Result_L0
0x0001       [1]    I2C1_Rd_tmp_L0
0x0002       [1]    FLASH_Write_8_SaveINTCON_L0
0x0002       [2]    strlen_cp_L0
0x0002       [2]    memcpy_dd_L0
0x0002       [2]    memchr_s_L0
0x0002       [1]    R2
0x0002       [1]    FLASH_Erase_Write_64_j_L0
0x0002       [2]    memset_pp_L0
0x0003       [2]    MM_TotalFreeMemSize_Tot_L0
0x0003       [2]    memmove_tt_L0
0x0003       [1]    MM_Init_i_L0
0x0003       [2]    __Lib_MmcFat16_f16_toInt_l_L0
0x0003       [1]    R3
0x0003       [1]    FLASH_Erase_Write_64_SaveINTCON_L0
0x0003       [2]    Ltrim_original_L0
0x0004       [2]    __Lib_MemManager_MM_GetMemAlign_P_L0
0x0004       [2]    strcpy_cp_L0
0x0004       [2]    strncpy_cp_L0
0x0004       [2]    memcpy_ss_L0
0x0004       [2]    strncat_cp_L0
0x0004       [2]    frexp_pom_L0
0x0004       [1]    R4
0x0004       [2]    strcat_cp_L0
0x0005       [1]    MM_TotalFreeMemSize_i_L0
0x0005       [2]    memmove_ff_L0
0x0005       [2]    Ltrim_p_L0
0x0005       [2]    LongWordToHex_input_half_L0
0x0005       [2]    LongIntToHex_input_half_L0
0x0005       [1]    R5
0x0006       [1]    __Lib_MemManager_MM_GetMemAlign_i_L0
0x0006       [1]    R6
0x0007       [1]    __Lib_TFT_16bit_JPEG_GenerateHuffmanTables_bLength_L0
0x0007       [1]    R7
0x0007       [1]    __Lib_TFT_JPEG_GenerateHuffmanTables_bLength_L0
0x0008       [1]    __Lib_TFT_JPEG_GenerateHuffmanTables_bTable_L0
0x0008       [1]    __Lib_TFT_16bit_JPEG_GenerateHuffmanTables_bTable_L0
0x0008       [1]    R8
0x0009       [4]    __Lib_MmcFat16_f16_toLong_l_L0
0x0009       [1]    R9
0x000A       [1]    R10
0x000B       [1]    R11
0x000C       [1]    R12
0x000D       [1]    R13
0x000E       [1]    R14
0x000F       [1]    R15
0x0010       [1]    R16
0x0011       [1]    R17
0x0012       [1]    R18
0x0013       [1]    R19
0x0014       [1]    R20
0x0019       [2]    _operando1
0x001B       [2]    _operando2
0x001D       [1]    _operation
0x001E       [1]    _edge
0x001F      [40]    _text
0x0047       [1]    _xx
0x0048       [0]    __Lib_Lcd_cmd_status
0x0049       [1]    interrupt_i_L1
0x004A       [1]    interrupt_type_L1
0x004B       [2]    interrupt_result_L1
0x004D       [1]    FARG_Lcd_Out_row
0x004D       [2]    FARG_IntToStr_input
0x004D       [2]    FARG_convertTecla_tecla
0x004E       [1]    FARG_Lcd_Out_column
0x004F       [2]    FARG_convertTecla_type
0x004F       [2]    FARG_IntToStr_output
0x004F       [2]    FARG_Lcd_Out_text
0x0051       [2]    IntToStr_i_L0
0x0051       [1]    Lcd_Out_i_L0
0x0051       [2]    convertTecla_result_L0
0x0053       [2]    IntToStr_negative_L0
0x0055       [2]    IntToStr_inword_L0
0x0057       [1]    FARG_Lcd_Chr_CP_out_char
0x0057       [2]    FARG_WordToStr_input
0x0059       [2]    FARG_WordToStr_output
0x005B       [1]    WordToStr_len_L0
0x005C       [2]    FLOC__WordToStr
0x005E       [1]    FARG_Lcd_Cmd_out_char
0x0F81       [1]    PORTB
0x0F83       [0]    RD6_bit
0x0F83       [0]    LCD_D6
0x0F83       [0]    RD4_bit
0x0F83       [0]    RD5_bit
0x0F83       [0]    LCD_D7
0x0F83       [0]    LCD_D5
0x0F83       [0]    RD7_bit
0x0F83       [0]    LCD_D4
0x0F84       [0]    RE2_bit
0x0F84       [0]    RE1_bit
0x0F84       [0]    LCD_EN
0x0F84       [0]    LCD_RS
0x0F93       [1]    TRISB
0x0F95       [0]    TRISD7_bit
0x0F95       [0]    TRISD5_bit
0x0F95       [0]    TRISD4_bit
0x0F95       [0]    TRISD6_bit
0x0F95       [0]    LCD_D4_Direction
0x0F95       [0]    LCD_D5_Direction
0x0F95       [0]    LCD_D6_Direction
0x0F95       [0]    LCD_D7_Direction
0x0F96       [0]    LCD_EN_Direction
0x0F96       [0]    LCD_RS_Direction
0x0F96       [0]    TRISE2_bit
0x0F96       [0]    TRISE1_bit
0x0FC1       [1]    ADCON1
0x0FD8       [1]    STATUS
0x0FD9       [1]    FSR2L
0x0FDA       [1]    FSR2H
0x0FDE       [1]    POSTINC2
0x0FE0       [1]    BSR
0x0FE1       [1]    FSR1L
0x0FE2       [1]    FSR1H
0x0FE4       [1]    PREINC1
0x0FE6       [1]    POSTINC1
0x0FE7       [1]    INDF1
0x0FE8       [1]    WREG
0x0FE9       [1]    FSR0L
0x0FEA       [1]    FSR0H
0x0FEE       [1]    POSTINC0
0x0FF2       [1]    INTCON
0x0FF3       [1]    PRODL
0x0FF4       [1]    PRODH
0x0FF5       [1]    TABLAT
0x0FF6       [1]    TBLPTRL
0x0FF7       [1]    TBLPTRH
0x0FF8       [1]    TBLPTRU
//** Label List: ** 
//----------------------------------------------
  L_interrupt0
  L_interrupt1
  L_interrupt2
  L_interrupt3
  L_interrupt4
  L_interrupt5
  L_interrupt6
  L_interrupt7
  L_interrupt8
  L_interrupt9
  L_interrupt10
  L_interrupt11
  L_interrupt12
  L_interrupt13
  L_interrupt14
  L_interrupt15
  L_interrupt16
  L_interrupt17
  L_interrupt18
  L_interrupt19
  L_interrupt20
  L_interrupt21
  L_interrupt22
  L_interrupt23
  L_interrupt24
  L_interrupt25
  L_interrupt26
  L_convertTecla27
  L_convertTecla28
  L_convertTecla29
  L_convertTecla30
  L_convertTecla31
  L_convertTecla32
  L_convertTecla33
  L_convertTecla34
  L_convertTecla35
  L_convertTecla36
  L_convertTecla37
  L_convertTecla38
  L_convertTecla39
  L_convertTecla40
  L_convertTecla41
  L_convertTecla42
  L_convertTecla43
  L_convertTecla44
  L__interrupt45
  L__interrupt46
  L__interrupt47
  L__interrupt48
  L_end_interrupt
  _interrupt
  L__interrupt50
  L_end_main
  _main
  L_end_convertTecla
  _convertTecla
  L__convertTecla53
  L__convertTecla54
  L__convertTecla55
  L__convertTecla56
  L__convertTecla57
  L__convertTecla58
  L__convertTecla59
  L__convertTecla60
  L__convertTecla61
  L__convertTecla62
  L__convertTecla63
  L__convertTecla64
  L__convertTecla65
  L__convertTecla66
  L__convertTecla67
  L__convertTecla68
  L_Delay_10us0
  L_Delay_22us1
  L_Delay_50us2
  L_Delay_80us3
  L_Delay_500us4
  L_Delay_5500us5
  L_Delay_1ms6
  L_Delay_5ms7
  L_Delay_8ms8
  L_Delay_100ms9
  L_Delay_10ms10
  L_Delay_1sec11
  L____Boot_Delay4k12
  L____Boot_Delay8k13
  L____Boot_Delay12k14
  L____Boot_Delay16k15
  L____Boot_Delay24k16
  L____Boot_Delay32k17
  L____Boot_Delay48k18
  L____Boot_Delay64k19
  L____Boot_Delay128k20
  L_Delay_Cyc21
  L_Delay_Cyc22
  L_VDelay_ms23
  L_VDelay_ms24
  L_VDelay_ms25
  L_VDelay_Advanced_ms26
  L_VDelay_Advanced_ms27
  L_VDelay_Advanced_ms28
  L_end_Get_Fosc_kHz
  _Get_Fosc_kHz
  L_end_Delay_1us
  _Delay_1us
  L_end_Delay_10us
  _Delay_10us
  L_end_Delay_22us
  _Delay_22us
  L_end_Delay_50us
  _Delay_50us
  L_end_Delay_80us
  _Delay_80us
  L_end_Delay_500us
  _Delay_500us
  L_end_Delay_5500us
  _Delay_5500us
  L_end_Delay_1ms
  _Delay_1ms
  L_end_Delay_5ms
  _Delay_5ms
  L_end_Delay_8ms
  _Delay_8ms
  L_end_Delay_100ms
  _Delay_100ms
  L_end_Delay_10ms
  _Delay_10ms
  L_end_Delay_1sec
  _Delay_1sec
  L_end____Boot_Delay4k
  ____Boot_Delay4k
  L_end____Boot_Delay8k
  ____Boot_Delay8k
  L_end____Boot_Delay12k
  ____Boot_Delay12k
  L_end____Boot_Delay16k
  ____Boot_Delay16k
  L_end____Boot_Delay24k
  ____Boot_Delay24k
  L_end____Boot_Delay32k
  ____Boot_Delay32k
  L_end____Boot_Delay48k
  ____Boot_Delay48k
  L_end____Boot_Delay64k
  ____Boot_Delay64k
  L_end____Boot_Delay128k
  ____Boot_Delay128k
  L_end_Delay_Cyc
  _Delay_Cyc
  L_end_VDelay_ms
  _VDelay_ms
  L__VDelay_ms54
  L__VDelay_ms55
  L__VDelay_ms56
  L_end_VDelay_Advanced_ms
  _VDelay_Advanced_ms
  L__VDelay_Advanced_ms58
  L__VDelay_Advanced_ms59
  L__VDelay_Advanced_ms60
  L_Lcd_Cmd0
  L_Lcd_Cmd1
  L_Lcd_Out_CP2
  L_Lcd_Out_CP3
  L_Lcd_Chr4
  L_Lcd_Chr5
  L_Lcd_Chr6
  L_Lcd_Chr7
  L_Lcd_Chr8
  L_Lcd_Chr9
  L_Lcd_Chr10
  L_Lcd_Out11
  L_Lcd_Out12
  L_Lcd_Out13
  L_Lcd_Out14
  L_Lcd_Out15
  L_Lcd_Out16
  L_Lcd_Out17
  L_Lcd_Out18
  L_Lcd_Out19
  L_end_Lcd_Cmd
  _Lcd_Cmd
  L__Lcd_Cmd21
  L__Lcd_Cmd22
  L__Lcd_Cmd23
  L__Lcd_Cmd24
  L__Lcd_Cmd25
  L__Lcd_Cmd26
  L__Lcd_Cmd27
  L__Lcd_Cmd28
  L__Lcd_Cmd29
  L__Lcd_Cmd30
  L__Lcd_Cmd31
  L__Lcd_Cmd32
  L__Lcd_Cmd33
  L__Lcd_Cmd34
  L__Lcd_Cmd35
  L__Lcd_Cmd36
  L__Lcd_Cmd37
  L__Lcd_Cmd38
  L__Lcd_Cmd39
  L__Lcd_Cmd40
  L_end_Lcd_Chr_CP
  _Lcd_Chr_CP
  L_end_Lcd_Out_CP
  _Lcd_Out_CP
  L_end_Lcd_Chr
  _Lcd_Chr
  L_end_Lcd_Init
  _Lcd_Init
  L_end_Lcd_Out
  _Lcd_Out
  _CC2D_Loop1
  _CC2DL_Loop1
  L_loopCA2AWs
  L_loopCCA2AWs
  L_loopCS2Ss
  L_CS2Send
  L_loopCCS2Ss
  L_CCS2Send
  L_loopFZinSWs
  L_longjmp7
  L_end___CC2D
  ___CC2D
  L_end___CC2DW
  ___CC2DW
  L_end___CA2AW
  ___CA2AW
  L_end___CCA2AW
  ___CCA2AW
  L_end___CS2S
  ___CS2S
  L_end___CCS2S
  ___CCS2S
  L_end___FZinS
  ___FZinS
  L_end_____DoIFC
  _____DoIFC
  L_end_Swap
  _Swap
  L_end_setjmp
  _setjmp
  L_end_longjmp
  _longjmp
  L_interrupt0
  L_interrupt1
  L_interrupt2
  L_interrupt3
  L_interrupt4
  L_interrupt5
  L_interrupt6
  L_interrupt7
  L_interrupt8
  L_interrupt9
  L_interrupt10
  L_interrupt11
  L_interrupt12
  L_interrupt13
  L_interrupt14
  L_interrupt15
  L_interrupt16
  L_interrupt17
  L_interrupt18
  L_interrupt19
  L_interrupt20
  L_interrupt21
  L_interrupt22
  L_interrupt23
  L_interrupt24
  L_interrupt25
  L_interrupt26
  L_convertTecla27
  L_convertTecla28
  L_convertTecla29
  L_convertTecla30
  L_convertTecla31
  L_convertTecla32
  L_convertTecla33
  L_convertTecla34
  L_convertTecla35
  L_convertTecla36
  L_convertTecla37
  L_convertTecla38
  L_convertTecla39
  L_convertTecla40
  L_convertTecla41
  L_convertTecla42
  L_convertTecla43
  L_convertTecla44
  L__interrupt45
  L__interrupt46
  L__interrupt47
  L__interrupt48
  L_end_interrupt
  _interrupt
  L__interrupt50
  L_end_main
  _main
  L_end_convertTecla
  _convertTecla
  L__convertTecla53
  L__convertTecla54
  L__convertTecla55
  L__convertTecla56
  L__convertTecla57
  L__convertTecla58
  L__convertTecla59
  L__convertTecla60
  L__convertTecla61
  L__convertTecla62
  L__convertTecla63
  L__convertTecla64
  L__convertTecla65
  L__convertTecla66
  L__convertTecla67
  L__convertTecla68
  L_ByteToStr0
  L_ByteToStr1
  L_ByteToStr2
  L_ByteToStr3
  L_ByteToStr4
  L_ByteToStr5
  L_WordToStr6
  L_WordToStr7
  L_WordToStr8
  L_WordToStr9
  L_WordToStr10
  L_WordToStr11
  L_WordToStrWithZeros12
  L_WordToStrWithZeros13
  L_WordToStrWithZeros14
  L_WordToStrWithZeros15
  L_WordToStrWithZeros16
  L_ShortToStr17
  L_ShortToStr18
  L_ShortToStr19
  L_ShortToStr20
  L_ShortToStr21
  L_ShortToStr22
  L_IntToStr23
  L_IntToStr24
  L_IntToStr25
  L_IntToStr26
  L_IntToStr27
  L_IntToStr28
  L_IntToStrWithZeros29
  L_IntToStrWithZeros30
  L_IntToStrWithZeros31
  L_IntToStrWithZeros32
  L_IntToStrWithZeros33
  L_IntToStrWithZeros34
  L_IntToStrWithZeros35
  L_IntToStrWithZeros36
  L_IntToStrWithZeros37
  L_LongWordToStr38
  L_LongWordToStr39
  L_LongWordToStr40
  L_LongWordToStr41
  L_LongWordToStr42
  L_LongWordToStr43
  L_LongWordToStrWithZeros44
  L_LongWordToStrWithZeros45
  L_LongWordToStrWithZeros46
  L_LongWordToStrWithZeros47
  L_LongWordToStrWithZeros48
  L_LongToStr49
  L_LongToStr50
  L_LongToStr51
  L_LongToStr52
  L_LongToStr53
  L_LongToStr54
  L_LongIntToStrWithZeros55
  L_LongIntToStrWithZeros56
  L_LongIntToStrWithZeros57
  L_LongIntToStrWithZeros58
  L_LongIntToStrWithZeros59
  L_LongIntToStrWithZeros60
  L_LongIntToStrWithZeros61
  L_LongIntToStrWithZeros62
  L_LongIntToStrWithZeros63
  L_Dec2Bcd64
  L_Dec2Bcd65
  L_Rtrim66
  L_Rtrim67
  L_Rtrim68
  L_Rtrim69
  L_Ltrim70
  L_Ltrim71
  L_Ltrim72
  L_Ltrim73
  L_Ltrim74
  L_Ltrim75
  L_FloatToStr76
  L_FloatToStr77
  L_FloatToStr78
  L_FloatToStr79
  L_FloatToStr80
  L_FloatToStr81
  L_FloatToStr82
  L_FloatToStr83
  L_FloatToStr84
  L_FloatToStr85
  L_FloatToStr86
  L_FloatToStr87
  L_FloatToStr88
  L_FloatToStr89
  L_FloatToStr90
  L_FloatToStr91
  L_FloatToStr92
  L_FloatToStr93
  L_FloatToStr94
  L_FloatToStr95
  L_FloatToStr96
  L_FloatToStr97
  L__Rtrim98
  L__Ltrim99
  L__FloatToStr100
  L_end_ByteToHex
  _ByteToHex
  L_end_ShortToHex
  _ShortToHex
  L_end_WordToHex
  _WordToHex
  L_end_IntToHex
  _IntToHex
  L_end_LongWordToHex
  _LongWordToHex
  L_end_LongIntToHex
  _LongIntToHex
  L_end_ByteToStr
  _ByteToStr
  L_end_WordToStr
  _WordToStr
  L__WordToStr109
  L_end_WordToStrWithZeros
  _WordToStrWithZeros
  L__WordToStrWithZeros111
  L_end_ShortToStr
  _ShortToStr
  L__ShortToStr113
  L_end_IntToStr
  _IntToStr
  L__IntToStr115
  L__IntToStr116
  L_end_IntToStrWithZeros
  _IntToStrWithZeros
  L__IntToStrWithZeros118
  L__IntToStrWithZeros119
  L__IntToStrWithZeros120
  L_end_LongWordToStr
  _LongWordToStr
  L__LongWordToStr122
  L__LongWordToStr123
  L_end_LongWordToStrWithZeros
  _LongWordToStrWithZeros
  L__LongWordToStrWithZeros125
  L_end_LongToStr
  _LongToStr
  L__LongToStr127
  L__LongToStr128
  L_end_LongIntToStrWithZeros
  _LongIntToStrWithZeros
  L__LongIntToStrWithZeros130
  L__LongIntToStrWithZeros131
  L__LongIntToStrWithZeros132
  L_end_Dec2Bcd
  _Dec2Bcd
  L_end_Bcd2Dec
  _Bcd2Dec
  L_end_Bcd2Dec16
  _Bcd2Dec16
  L__Bcd2Dec16136
  L__Bcd2Dec16137
  L_end_Dec2Bcd16
  _Dec2Bcd16
  L__Dec2Bcd16139
  L__Dec2Bcd16140
  L_end_Rtrim
  _Rtrim
  L__Rtrim142
  L_end_Ltrim
  _Ltrim
  L_end_FloatToStr
  _FloatToStr
  L__FloatToStr145
  L__FloatToStr146
  L__FloatToStr147
  L__FloatToStr148
  L__FloatToStr149
  L_Delay_10us0
  L_Delay_22us1
  L_Delay_50us2
  L_Delay_80us3
  L_Delay_500us4
  L_Delay_5500us5
  L_Delay_1ms6
  L_Delay_5ms7
  L_Delay_8ms8
  L_Delay_100ms9
  L_Delay_10ms10
  L_Delay_1sec11
  L____Boot_Delay4k12
  L____Boot_Delay8k13
  L____Boot_Delay12k14
  L____Boot_Delay16k15
  L____Boot_Delay24k16
  L____Boot_Delay32k17
  L____Boot_Delay48k18
  L____Boot_Delay64k19
  L____Boot_Delay128k20
  L_Delay_Cyc21
  L_Delay_Cyc22
  L_VDelay_ms23
  L_VDelay_ms24
  L_VDelay_ms25
  L_VDelay_Advanced_ms26
  L_VDelay_Advanced_ms27
  L_VDelay_Advanced_ms28
  L_end_Get_Fosc_kHz
  _Get_Fosc_kHz
  L_end_Delay_1us
  _Delay_1us
  L_end_Delay_10us
  _Delay_10us
  L_end_Delay_22us
  _Delay_22us
  L_end_Delay_50us
  _Delay_50us
  L_end_Delay_80us
  _Delay_80us
  L_end_Delay_500us
  _Delay_500us
  L_end_Delay_5500us
  _Delay_5500us
  L_end_Delay_1ms
  _Delay_1ms
  L_end_Delay_5ms
  _Delay_5ms
  L_end_Delay_8ms
  _Delay_8ms
  L_end_Delay_100ms
  _Delay_100ms
  L_end_Delay_10ms
  _Delay_10ms
  L_end_Delay_1sec
  _Delay_1sec
  L_end____Boot_Delay4k
  ____Boot_Delay4k
  L_end____Boot_Delay8k
  ____Boot_Delay8k
  L_end____Boot_Delay12k
  ____Boot_Delay12k
  L_end____Boot_Delay16k
  ____Boot_Delay16k
  L_end____Boot_Delay24k
  ____Boot_Delay24k
  L_end____Boot_Delay32k
  ____Boot_Delay32k
  L_end____Boot_Delay48k
  ____Boot_Delay48k
  L_end____Boot_Delay64k
  ____Boot_Delay64k
  L_end____Boot_Delay128k
  ____Boot_Delay128k
  L_end_Delay_Cyc
  _Delay_Cyc
  L_end_VDelay_ms
  _VDelay_ms
  L__VDelay_ms54
  L__VDelay_ms55
  L__VDelay_ms56
  L_end_VDelay_Advanced_ms
  _VDelay_Advanced_ms
  L__VDelay_Advanced_ms58
  L__VDelay_Advanced_ms59
  L__VDelay_Advanced_ms60
  L_Lcd_Cmd0
  L_Lcd_Cmd1
  L_Lcd_Out_CP2
  L_Lcd_Out_CP3
  L_Lcd_Chr4
  L_Lcd_Chr5
  L_Lcd_Chr6
  L_Lcd_Chr7
  L_Lcd_Chr8
  L_Lcd_Chr9
  L_Lcd_Chr10
  L_Lcd_Out11
  L_Lcd_Out12
  L_Lcd_Out13
  L_Lcd_Out14
  L_Lcd_Out15
  L_Lcd_Out16
  L_Lcd_Out17
  L_Lcd_Out18
  L_Lcd_Out19
  L_end_Lcd_Cmd
  _Lcd_Cmd
  L__Lcd_Cmd21
  L__Lcd_Cmd22
  L__Lcd_Cmd23
  L__Lcd_Cmd24
  L__Lcd_Cmd25
  L__Lcd_Cmd26
  L__Lcd_Cmd27
  L__Lcd_Cmd28
  L__Lcd_Cmd29
  L__Lcd_Cmd30
  L__Lcd_Cmd31
  L__Lcd_Cmd32
  L__Lcd_Cmd33
  L__Lcd_Cmd34
  L__Lcd_Cmd35
  L__Lcd_Cmd36
  L__Lcd_Cmd37
  L__Lcd_Cmd38
  L__Lcd_Cmd39
  L__Lcd_Cmd40
  L_end_Lcd_Chr_CP
  _Lcd_Chr_CP
  L_end_Lcd_Out_CP
  _Lcd_Out_CP
  L_end_Lcd_Chr
  _Lcd_Chr
  L_end_Lcd_Init
  _Lcd_Init
  L_end_Lcd_Out
  _Lcd_Out
  L_Div_16x16_S0
  L_Div_16x16_S1
  LOOPS3232A
  SADD22LA
  SOK22LA
  SADD22L8
  SOK22L8
  LOOPS3232B
  SADD22LB
  SOK22LB
  SADD22L16
  SOK22L16
  LOOPS3232C
  SADD22LC
  SOK22LC
  SADD22L24
  SOK22L24
  LOOPS3232D
  SADD22LD
  SOK22LD
  SOK22L
  L_Div_32x32_S6
  L_Div_32x32_S7
  L_Div_32x32_S8
  L_Div_32x32_S9
  FXD3232S
  END_ALL
  CA3232S
  C3232SX
  C3232SX1
  C3232S
  C3232S2
  C3232SX4
  C3232SOK
  C3232SX3
  C3232SX2
  avoid_comfrem
  LOOPU3232A
  UADD22LA
  UOK22LA
  UADD22L8
  UOK22L8
  LOOPU3232B
  UADD22LB
  UOK22LB
  UADD22L16
  UOK22L16
  LOOPU3232C
  UADD22LC
  UOK22LC
  UADD22L24
  UOK22L24
  LOOPU3232D
  UADD22LD
  UOK22LD
  UOK22L
  _NEXT
  _EXIT2
  _LOOP
  _EXIT1
  _IF_FIRST
  _IF_SECOND
  _INVERCE_FIRST
  _MULT
  _INBERSE_SECOND
  _EXIT
  L_end_Div_8x8_U
  _Div_8x8_U
  L_end_Div_16x16_U
  _Div_16x16_U
  L_end_Div_16x16_S_L
  _Div_16x16_S_L
  L_end_Div_16x16_S
  _Div_16x16_S
  L_end_Div_8x8_S
  _Div_8x8_S
  L_end_Mul_8x8_S
  _Mul_8x8_S
  L_end_Mul_16x16_U
  _Mul_16x16_U
  L_end_Mul_16x16_S
  _Mul_16x16_S
  L_end_SDIV3232L
  _SDIV3232L
  L_end_COMFREM
  _COMFREM
  L_end_Div_32x32_S
  _Div_32x32_S
  L_end_Div_32x32_U
  _Div_32x32_U
  L_end_Mul_32x32_U
  _Mul_32x32_U
  L_end_Mul_32x32_S
  _Mul_32x32_S
